{"/home/travis/build/npmtest/node-npmtest-svgo/test.js":{"path":"/home/travis/build/npmtest/node-npmtest-svgo/test.js","s":{"1":2,"2":2,"3":2,"4":2,"5":2,"6":2,"7":2,"8":1,"9":2,"10":2,"11":1,"12":1,"13":1,"14":1,"15":2,"16":2,"17":2,"18":2,"19":1,"20":1,"21":2,"22":2,"23":2,"24":1,"25":1,"26":1,"27":1,"28":1,"29":1,"30":1,"31":1,"32":1,"33":1,"34":1,"35":1,"36":2,"37":2,"38":1,"39":2,"40":2,"41":1,"42":2,"43":2,"44":1,"45":1,"46":1,"47":1,"48":1},"b":{"1":[2,1,1,1],"2":[1,1,1,1],"3":[1,1],"4":[1,1],"5":[1,1],"6":[1,1],"7":[1,1],"8":[1,1],"9":[1,1,1],"10":[1,1],"11":[1,1],"12":[1,1],"13":[1,1],"14":[1,1],"15":[1,1]},"f":{"1":2,"2":2,"3":2,"4":2,"5":2,"6":1,"7":1,"8":2,"9":2,"10":2,"11":1},"fnMap":{"1":{"name":"(anonymous_1)","line":12,"loc":{"start":{"line":12,"column":1},"end":{"line":12,"column":13}}},"2":{"name":"(anonymous_2)","line":19,"loc":{"start":{"line":19,"column":5},"end":{"line":19,"column":17}}},"3":{"name":"(anonymous_3)","line":23,"loc":{"start":{"line":23,"column":24},"end":{"line":23,"column":36}}},"4":{"name":"(anonymous_4)","line":61,"loc":{"start":{"line":61,"column":5},"end":{"line":61,"column":17}}},"5":{"name":"(anonymous_5)","line":82,"loc":{"start":{"line":82,"column":5},"end":{"line":82,"column":17}}},"6":{"name":"(anonymous_6)","line":102,"loc":{"start":{"line":102,"column":83},"end":{"line":105,"column":10}},"skip":true},"7":{"name":"(anonymous_7)","line":113,"loc":{"start":{"line":113,"column":77},"end":{"line":116,"column":10}},"skip":true},"8":{"name":"(anonymous_8)","line":127,"loc":{"start":{"line":127,"column":77},"end":{"line":130,"column":10}},"skip":true},"9":{"name":"(anonymous_9)","line":138,"loc":{"start":{"line":138,"column":83},"end":{"line":141,"column":10}},"skip":true},"10":{"name":"(anonymous_10)","line":149,"loc":{"start":{"line":149,"column":79},"end":{"line":152,"column":10}},"skip":true},"11":{"name":"(anonymous_11)","line":160,"loc":{"start":{"line":160,"column":75},"end":{"line":163,"column":10}},"skip":true}},"statementMap":{"1":{"start":{"line":12,"column":0},"end":{"line":175,"column":5}},"2":{"start":{"line":14,"column":4},"end":{"line":14,"column":14}},"3":{"start":{"line":19,"column":4},"end":{"line":56,"column":9}},"4":{"start":{"line":21,"column":8},"end":{"line":21,"column":19}},"5":{"start":{"line":23,"column":8},"end":{"line":35,"column":13}},"6":{"start":{"line":24,"column":12},"end":{"line":34,"column":13}},"7":{"start":{"line":25,"column":16},"end":{"line":28,"column":30}},"8":{"start":{"line":30,"column":16},"end":{"line":33,"column":27}},"9":{"start":{"line":37,"column":8},"end":{"line":39,"column":21}},"10":{"start":{"line":40,"column":8},"end":{"line":53,"column":9}},"11":{"start":{"line":43,"column":12},"end":{"line":46,"column":14}},"12":{"start":{"line":47,"column":12},"end":{"line":47,"column":18}},"13":{"start":{"line":50,"column":12},"end":{"line":51,"column":46}},"14":{"start":{"line":52,"column":12},"end":{"line":52,"column":18}},"15":{"start":{"line":55,"column":8},"end":{"line":55,"column":35}},"16":{"start":{"line":61,"column":4},"end":{"line":63,"column":9}},"17":{"start":{"line":62,"column":8},"end":{"line":62,"column":15}},"18":{"start":{"line":64,"column":4},"end":{"line":77,"column":5}},"19":{"start":{"line":70,"column":8},"end":{"line":70,"column":14}},"20":{"start":{"line":76,"column":8},"end":{"line":76,"column":14}},"21":{"start":{"line":82,"column":4},"end":{"line":84,"column":9}},"22":{"start":{"line":83,"column":8},"end":{"line":83,"column":15}},"23":{"start":{"line":85,"column":4},"end":{"line":174,"column":5}},"24":{"start":{"line":92,"column":8},"end":{"line":94,"column":63}},"25":{"start":{"line":95,"column":8},"end":{"line":95,"column":14}},"26":{"start":{"line":102,"column":8},"end":{"line":111,"column":10},"skip":true},"27":{"start":{"line":109,"column":12},"end":{"line":109,"column":55},"skip":true},"28":{"start":{"line":110,"column":12},"end":{"line":110,"column":48},"skip":true},"29":{"start":{"line":113,"column":8},"end":{"line":125,"column":10},"skip":true},"30":{"start":{"line":120,"column":12},"end":{"line":120,"column":76},"skip":true},"31":{"start":{"line":121,"column":12},"end":{"line":121,"column":73},"skip":true},"32":{"start":{"line":122,"column":12},"end":{"line":122,"column":74},"skip":true},"33":{"start":{"line":123,"column":12},"end":{"line":123,"column":25},"skip":true},"34":{"start":{"line":124,"column":12},"end":{"line":124,"column":45},"skip":true},"35":{"start":{"line":127,"column":8},"end":{"line":136,"column":10},"skip":true},"36":{"start":{"line":134,"column":12},"end":{"line":134,"column":25},"skip":true},"37":{"start":{"line":135,"column":12},"end":{"line":135,"column":45},"skip":true},"38":{"start":{"line":138,"column":8},"end":{"line":147,"column":10},"skip":true},"39":{"start":{"line":145,"column":12},"end":{"line":145,"column":25},"skip":true},"40":{"start":{"line":146,"column":12},"end":{"line":146,"column":48},"skip":true},"41":{"start":{"line":149,"column":8},"end":{"line":158,"column":10},"skip":true},"42":{"start":{"line":156,"column":12},"end":{"line":156,"column":25},"skip":true},"43":{"start":{"line":157,"column":12},"end":{"line":157,"column":46},"skip":true},"44":{"start":{"line":160,"column":8},"end":{"line":169,"column":10},"skip":true},"45":{"start":{"line":167,"column":12},"end":{"line":167,"column":94},"skip":true},"46":{"start":{"line":168,"column":12},"end":{"line":168,"column":48},"skip":true},"47":{"start":{"line":172,"column":8},"end":{"line":172,"column":35},"skip":true},"48":{"start":{"line":173,"column":8},"end":{"line":173,"column":14},"skip":true}},"branchMap":{"1":{"line":25,"type":"binary-expr","locations":[{"start":{"line":25,"column":23},"end":{"line":25,"column":62}},{"start":{"line":26,"column":20},"end":{"line":26,"column":70}},{"start":{"line":27,"column":20},"end":{"line":27,"column":71}},{"start":{"line":28,"column":20},"end":{"line":28,"column":29}}]},"2":{"line":30,"type":"binary-expr","locations":[{"start":{"line":30,"column":23},"end":{"line":30,"column":37}},{"start":{"line":31,"column":20},"end":{"line":31,"column":61}},{"start":{"line":32,"column":20},"end":{"line":32,"column":70}},{"start":{"line":33,"column":20},"end":{"line":33,"column":26}}]},"3":{"line":37,"type":"cond-expr","locations":[{"start":{"line":38,"column":14},"end":{"line":38,"column":20}},{"start":{"line":39,"column":14},"end":{"line":39,"column":20}}]},"4":{"line":40,"type":"switch","locations":[{"start":{"line":42,"column":8},"end":{"line":47,"column":18}},{"start":{"line":49,"column":8},"end":{"line":52,"column":18}}]},"5":{"line":44,"type":"binary-expr","locations":[{"start":{"line":44,"column":16},"end":{"line":44,"column":44}},{"start":{"line":44,"column":48},"end":{"line":44,"column":66}}]},"6":{"line":50,"type":"binary-expr","locations":[{"start":{"line":50,"column":21},"end":{"line":50,"column":49}},{"start":{"line":50,"column":53},"end":{"line":50,"column":72}}]},"7":{"line":64,"type":"switch","locations":[{"start":{"line":69,"column":4},"end":{"line":70,"column":14}},{"start":{"line":75,"column":4},"end":{"line":76,"column":14}}]},"8":{"line":85,"type":"switch","locations":[{"start":{"line":90,"column":4},"end":{"line":95,"column":14}},{"start":{"line":101,"column":4},"end":{"line":173,"column":14},"skip":true}]},"9":{"line":92,"type":"binary-expr","locations":[{"start":{"line":92,"column":18},"end":{"line":92,"column":32}},{"start":{"line":93,"column":12},"end":{"line":93,"column":53}},{"start":{"line":94,"column":12},"end":{"line":94,"column":61}}]},"10":{"line":102,"type":"binary-expr","locations":[{"start":{"line":102,"column":45},"end":{"line":102,"column":79},"skip":true},{"start":{"line":102,"column":83},"end":{"line":111,"column":9},"skip":true}]},"11":{"line":113,"type":"binary-expr","locations":[{"start":{"line":113,"column":42},"end":{"line":113,"column":73},"skip":true},{"start":{"line":113,"column":77},"end":{"line":125,"column":9},"skip":true}]},"12":{"line":127,"type":"binary-expr","locations":[{"start":{"line":127,"column":42},"end":{"line":127,"column":73},"skip":true},{"start":{"line":127,"column":77},"end":{"line":136,"column":9},"skip":true}]},"13":{"line":138,"type":"binary-expr","locations":[{"start":{"line":138,"column":45},"end":{"line":138,"column":79},"skip":true},{"start":{"line":138,"column":83},"end":{"line":147,"column":9},"skip":true}]},"14":{"line":149,"type":"binary-expr","locations":[{"start":{"line":149,"column":43},"end":{"line":149,"column":75},"skip":true},{"start":{"line":149,"column":79},"end":{"line":158,"column":9},"skip":true}]},"15":{"line":160,"type":"binary-expr","locations":[{"start":{"line":160,"column":41},"end":{"line":160,"column":71},"skip":true},{"start":{"line":160,"column":75},"end":{"line":169,"column":9},"skip":true}]}},"code":["/* istanbul instrument in package npmtest_svgo */","/*jslint","    bitwise: true,","    browser: true,","    maxerr: 8,","    maxlen: 96,","    node: true,","    nomen: true,","    regexp: true,","    stupid: true","*/","(function () {","    'use strict';","    var local;","","","","    // run shared js-env code - pre-init","    (function () {","        // init local","        local = {};","        // init modeJs","        local.modeJs = (function () {","            try {","                return typeof navigator.userAgent === 'string' &&","                    typeof document.querySelector('body') === 'object' &&","                    typeof XMLHttpRequest.prototype.open === 'function' &&","                    'browser';","            } catch (errorCaughtBrowser) {","                return module.exports &&","                    typeof process.versions.node === 'string' &&","                    typeof require('http').createServer === 'function' &&","                    'node';","            }","        }());","        // init global","        local.global = local.modeJs === 'browser'","            ? window","            : global;","        switch (local.modeJs) {","        // re-init local from window.local","        case 'browser':","            local = local.global.utility2.objectSetDefault(","                local.global.utility2_rollup || local.global.local,","                local.global.utility2","            );","            break;","        // re-init local from example.js","        case 'node':","            local = (local.global.utility2_rollup || require('utility2'))","                .requireExampleJsFromReadme();","            break;","        }","        // export local","        local.global.local = local;","    }());","","","","    // run shared js-env code - function","    (function () {","        return;","    }());","    switch (local.modeJs) {","","","","    // run browser js-env code - function","    case 'browser':","        break;","","","","    // run node js-env code - function","    case 'node':","        break;","    }","","","","    // run shared js-env code - post-init","    (function () {","        return;","    }());","    switch (local.modeJs) {","","","","    // run browser js-env code - post-init","    case 'browser':","        // run tests","        local.nop(local.modeTest &&","            document.querySelector('#testRunButton1') &&","            document.querySelector('#testRunButton1').click());","        break;","","","","    // run node js-env code - post-init","    /* istanbul ignore next */","    case 'node':","        local.testCase_buildApidoc_default = local.testCase_buildApidoc_default || function (","            options,","            onError","        ) {","        /*","         * this function will test buildApidoc's default handling-behavior-behavior","         */","            options = { modulePathList: module.paths };","            local.buildApidoc(options, onError);","        };","","        local.testCase_buildApp_default = local.testCase_buildApp_default || function (","            options,","            onError","        ) {","        /*","         * this function will test buildApp's default handling-behavior-behavior","         */","            local.testCase_buildReadme_default(options, local.onErrorThrow);","            local.testCase_buildLib_default(options, local.onErrorThrow);","            local.testCase_buildTest_default(options, local.onErrorThrow);","            options = [];","            local.buildApp(options, onError);","        };","","        local.testCase_buildLib_default = local.testCase_buildLib_default || function (","            options,","            onError","        ) {","        /*","         * this function will test buildLib's default handling-behavior","         */","            options = {};","            local.buildLib(options, onError);","        };","","        local.testCase_buildReadme_default = local.testCase_buildReadme_default || function (","            options,","            onError","        ) {","        /*","         * this function will test buildReadme's default handling-behavior-behavior","         */","            options = {};","            local.buildReadme(options, onError);","        };","","        local.testCase_buildTest_default = local.testCase_buildTest_default || function (","            options,","            onError","        ) {","        /*","         * this function will test buildTest's default handling-behavior","         */","            options = {};","            local.buildTest(options, onError);","        };","","        local.testCase_webpage_default = local.testCase_webpage_default || function (","            options,","            onError","        ) {","        /*","         * this function will test webpage's default handling-behavior","         */","            options = { modeCoverageMerge: true, url: local.serverLocalHost + '?modeTest=1' };","            local.browserTest(options, onError);","        };","","        // run test-server","        local.testRunServer(local);","        break;","    }","}());",""],"l":{"12":2,"14":2,"19":2,"21":2,"23":2,"24":2,"25":2,"30":1,"37":2,"40":2,"43":1,"47":1,"50":1,"52":1,"55":2,"61":2,"62":2,"64":2,"70":1,"76":1,"82":2,"83":2,"85":2,"92":1,"95":1,"102":1,"109":1,"110":1,"113":1,"120":1,"121":1,"122":1,"123":1,"124":1,"127":1,"134":2,"135":2,"138":1,"145":2,"146":2,"149":1,"156":2,"157":2,"160":1,"167":1,"168":1,"172":1,"173":1}},"/home/travis/build/npmtest/node-npmtest-svgo/lib.npmtest_svgo.js":{"path":"/home/travis/build/npmtest/node-npmtest-svgo/lib.npmtest_svgo.js","s":{"1":2,"2":2,"3":2,"4":2,"5":2,"6":2,"7":2,"8":1,"9":2,"10":2,"11":2,"12":2,"13":1,"14":1,"15":1,"16":1},"b":{"1":[2,1,1,1],"2":[1,1,1,1],"3":[1,1],"4":[2,2],"5":[1,1]},"f":{"1":2,"2":2,"3":2},"fnMap":{"1":{"name":"(anonymous_1)","line":12,"loc":{"start":{"line":12,"column":1},"end":{"line":12,"column":13}}},"2":{"name":"(anonymous_2)","line":19,"loc":{"start":{"line":19,"column":5},"end":{"line":19,"column":17}}},"3":{"name":"(anonymous_3)","line":23,"loc":{"start":{"line":23,"column":24},"end":{"line":23,"column":36}}}},"statementMap":{"1":{"start":{"line":12,"column":0},"end":{"line":53,"column":5}},"2":{"start":{"line":14,"column":4},"end":{"line":14,"column":14}},"3":{"start":{"line":19,"column":4},"end":{"line":52,"column":9}},"4":{"start":{"line":21,"column":8},"end":{"line":21,"column":19}},"5":{"start":{"line":23,"column":8},"end":{"line":35,"column":13}},"6":{"start":{"line":24,"column":12},"end":{"line":34,"column":13}},"7":{"start":{"line":25,"column":16},"end":{"line":28,"column":30}},"8":{"start":{"line":30,"column":16},"end":{"line":33,"column":27}},"9":{"start":{"line":37,"column":8},"end":{"line":39,"column":21}},"10":{"start":{"line":41,"column":8},"end":{"line":41,"column":54}},"11":{"start":{"line":43,"column":8},"end":{"line":43,"column":49}},"12":{"start":{"line":45,"column":8},"end":{"line":51,"column":9}},"13":{"start":{"line":46,"column":12},"end":{"line":46,"column":55}},"14":{"start":{"line":48,"column":12},"end":{"line":48,"column":35}},"15":{"start":{"line":49,"column":12},"end":{"line":49,"column":49}},"16":{"start":{"line":50,"column":12},"end":{"line":50,"column":43}}},"branchMap":{"1":{"line":25,"type":"binary-expr","locations":[{"start":{"line":25,"column":23},"end":{"line":25,"column":62}},{"start":{"line":26,"column":20},"end":{"line":26,"column":70}},{"start":{"line":27,"column":20},"end":{"line":27,"column":71}},{"start":{"line":28,"column":20},"end":{"line":28,"column":29}}]},"2":{"line":30,"type":"binary-expr","locations":[{"start":{"line":30,"column":23},"end":{"line":30,"column":37}},{"start":{"line":31,"column":20},"end":{"line":31,"column":61}},{"start":{"line":32,"column":20},"end":{"line":32,"column":70}},{"start":{"line":33,"column":20},"end":{"line":33,"column":26}}]},"3":{"line":37,"type":"cond-expr","locations":[{"start":{"line":38,"column":14},"end":{"line":38,"column":20}},{"start":{"line":39,"column":14},"end":{"line":39,"column":20}}]},"4":{"line":41,"type":"binary-expr","locations":[{"start":{"line":41,"column":16},"end":{"line":41,"column":44}},{"start":{"line":41,"column":48},"end":{"line":41,"column":53}}]},"5":{"line":45,"type":"if","locations":[{"start":{"line":45,"column":8},"end":{"line":45,"column":8}},{"start":{"line":45,"column":8},"end":{"line":45,"column":8}}]}},"code":["/* istanbul instrument in package npmtest_svgo */","/*jslint","    bitwise: true,","    browser: true,","    maxerr: 8,","    maxlen: 96,","    node: true,","    nomen: true,","    regexp: true,","    stupid: true","*/","(function () {","    'use strict';","    var local;","","","","    // run shared js-env code - pre-init","    (function () {","        // init local","        local = {};","        // init modeJs","        local.modeJs = (function () {","            try {","                return typeof navigator.userAgent === 'string' &&","                    typeof document.querySelector('body') === 'object' &&","                    typeof XMLHttpRequest.prototype.open === 'function' &&","                    'browser';","            } catch (errorCaughtBrowser) {","                return module.exports &&","                    typeof process.versions.node === 'string' &&","                    typeof require('http').createServer === 'function' &&","                    'node';","            }","        }());","        // init global","        local.global = local.modeJs === 'browser'","            ? window","            : global;","        // init utility2_rollup","        local = local.global.utility2_rollup || local;","        // init lib","        local.local = local.npmtest_svgo = local;","        // init exports","        if (local.modeJs === 'browser') {","            local.global.utility2_npmtest_svgo = local;","        } else {","            module.exports = local;","            module.exports.__dirname = __dirname;","            module.exports.module = module;","        }","    }());","}());",""],"l":{"12":2,"14":2,"19":2,"21":2,"23":2,"24":2,"25":2,"30":1,"37":2,"41":2,"43":2,"45":2,"46":1,"48":1,"49":1,"50":1}},"/home/travis/build/npmtest/node-npmtest-svgo/example.js":{"path":"/home/travis/build/npmtest/node-npmtest-svgo/example.js","s":{"1":2,"2":2,"3":2,"4":2,"5":2,"6":2,"7":2,"8":1,"9":2,"10":2,"11":2,"12":2,"13":1,"14":2,"15":2,"16":2,"17":2,"18":2,"19":0,"20":2,"21":1,"22":1,"23":1,"24":1,"25":1,"26":0,"27":0,"28":1,"29":1,"30":2,"31":0,"32":0,"33":0,"34":1,"35":2,"36":2,"37":2,"38":2,"39":2,"40":2,"41":0,"42":2,"43":2,"44":2,"45":1,"46":3,"47":1,"48":1,"49":1,"50":1,"51":1,"52":1,"53":1,"54":1,"55":1,"56":1,"57":0,"58":1,"59":6,"60":6,"61":1,"62":2,"63":0,"64":2,"65":1,"66":1,"67":0,"68":0,"69":0,"70":0,"71":0,"72":0,"73":0,"74":0,"75":0,"76":0,"77":0,"78":0,"79":0,"80":0,"81":0,"82":0,"83":0},"b":{"1":[2,1,1,1],"2":[1,1,1,1],"3":[1,1],"4":[2,2],"5":[1,1],"6":[1,1],"7":[2,0],"8":[2,1,1,1,1,1],"9":[0,2,0],"10":[1,1],"11":[2,1,1],"12":[1,0],"13":[0,2],"14":[2,0,0,0,0,0,0],"15":[0,2],"16":[2,0],"17":[1,1],"18":[0,1],"19":[1,2,0,2],"20":[1,0],"21":[1,1],"22":[0,0],"23":[0,0],"24":[0,0],"25":[0,0],"26":[0,0],"27":[0,0],"28":[0,0]},"f":{"1":2,"2":2,"3":2,"4":2,"5":2,"6":2,"7":2,"8":2,"9":3,"10":1,"11":6,"12":0},"fnMap":{"1":{"name":"(anonymous_1)","line":26,"loc":{"start":{"line":26,"column":1},"end":{"line":26,"column":13}}},"2":{"name":"(anonymous_2)","line":33,"loc":{"start":{"line":33,"column":5},"end":{"line":33,"column":17}}},"3":{"name":"(anonymous_3)","line":37,"loc":{"start":{"line":37,"column":24},"end":{"line":37,"column":36}}},"4":{"name":"(anonymous_4)","line":69,"loc":{"start":{"line":69,"column":31},"end":{"line":69,"column":48}},"skip":true},"5":{"name":"(anonymous_5)","line":78,"loc":{"start":{"line":78,"column":26},"end":{"line":78,"column":45}},"skip":true},"6":{"name":"(anonymous_6)","line":123,"loc":{"start":{"line":123,"column":33},"end":{"line":123,"column":48}},"skip":true},"7":{"name":"(anonymous_7)","line":125,"loc":{"start":{"line":125,"column":27},"end":{"line":125,"column":39}},"skip":true},"8":{"name":"(anonymous_8)","line":133,"loc":{"start":{"line":133,"column":59},"end":{"line":133,"column":74}},"skip":true},"9":{"name":"(anonymous_9)","line":143,"loc":{"start":{"line":143,"column":45},"end":{"line":143,"column":62}},"skip":true},"10":{"name":"(anonymous_10)","line":144,"loc":{"start":{"line":144,"column":73},"end":{"line":144,"column":92}},"skip":true},"11":{"name":"(anonymous_11)","line":272,"loc":{"start":{"line":272,"column":51},"end":{"line":272,"column":77}},"skip":true},"12":{"name":"(anonymous_12)","line":314,"loc":{"start":{"line":314,"column":32},"end":{"line":314,"column":61}},"skip":true}},"statementMap":{"1":{"start":{"line":26,"column":0},"end":{"line":325,"column":5}},"2":{"start":{"line":28,"column":4},"end":{"line":28,"column":14}},"3":{"start":{"line":33,"column":4},"end":{"line":60,"column":9}},"4":{"start":{"line":35,"column":8},"end":{"line":35,"column":19}},"5":{"start":{"line":37,"column":8},"end":{"line":49,"column":13}},"6":{"start":{"line":38,"column":12},"end":{"line":48,"column":13}},"7":{"start":{"line":39,"column":16},"end":{"line":42,"column":30}},"8":{"start":{"line":44,"column":16},"end":{"line":47,"column":27}},"9":{"start":{"line":51,"column":8},"end":{"line":53,"column":21}},"10":{"start":{"line":55,"column":8},"end":{"line":57,"column":45}},"11":{"start":{"line":59,"column":8},"end":{"line":59,"column":35}},"12":{"start":{"line":61,"column":4},"end":{"line":324,"column":5}},"13":{"start":{"line":69,"column":8},"end":{"line":121,"column":10},"skip":true},"14":{"start":{"line":70,"column":12},"end":{"line":88,"column":13},"skip":true},"15":{"start":{"line":76,"column":16},"end":{"line":87,"column":19},"skip":true},"16":{"start":{"line":79,"column":20},"end":{"line":86,"column":21},"skip":true},"17":{"start":{"line":82,"column":24},"end":{"line":82,"column":43},"skip":true},"18":{"start":{"line":83,"column":24},"end":{"line":83,"column":30},"skip":true},"19":{"start":{"line":85,"column":24},"end":{"line":85,"column":49},"skip":true},"20":{"start":{"line":89,"column":12},"end":{"line":107,"column":13},"skip":true},"21":{"start":{"line":92,"column":16},"end":{"line":102,"column":17},"skip":true},"22":{"start":{"line":93,"column":20},"end":{"line":93,"column":86},"skip":true},"23":{"start":{"line":94,"column":20},"end":{"line":95,"column":45},"skip":true},"24":{"start":{"line":96,"column":20},"end":{"line":96,"column":42},"skip":true},"25":{"start":{"line":97,"column":20},"end":{"line":97,"column":48},"skip":true},"26":{"start":{"line":100,"column":20},"end":{"line":100,"column":85},"skip":true},"27":{"start":{"line":101,"column":20},"end":{"line":101,"column":96},"skip":true},"28":{"start":{"line":103,"column":16},"end":{"line":103,"column":22},"skip":true},"29":{"start":{"line":106,"column":16},"end":{"line":106,"column":22},"skip":true},"30":{"start":{"line":108,"column":12},"end":{"line":120,"column":13},"skip":true},"31":{"start":{"line":114,"column":16},"end":{"line":119,"column":17},"skip":true},"32":{"start":{"line":116,"column":20},"end":{"line":116,"column":78},"skip":true},"33":{"start":{"line":118,"column":20},"end":{"line":118,"column":53},"skip":true},"34":{"start":{"line":123,"column":8},"end":{"line":141,"column":11},"skip":true},"35":{"start":{"line":124,"column":12},"end":{"line":124,"column":54},"skip":true},"36":{"start":{"line":125,"column":12},"end":{"line":140,"column":14},"skip":true},"37":{"start":{"line":126,"column":16},"end":{"line":126,"column":28},"skip":true},"38":{"start":{"line":127,"column":16},"end":{"line":127,"column":69},"skip":true},"39":{"start":{"line":128,"column":16},"end":{"line":128,"column":75},"skip":true},"40":{"start":{"line":129,"column":16},"end":{"line":131,"column":17},"skip":true},"41":{"start":{"line":130,"column":20},"end":{"line":130,"column":27},"skip":true},"42":{"start":{"line":133,"column":16},"end":{"line":137,"column":36},"skip":true},"43":{"start":{"line":134,"column":20},"end":{"line":136,"column":55},"skip":true},"44":{"start":{"line":139,"column":16},"end":{"line":139,"column":57},"skip":true},"45":{"start":{"line":143,"column":8},"end":{"line":147,"column":11},"skip":true},"46":{"start":{"line":144,"column":12},"end":{"line":146,"column":15},"skip":true},"47":{"start":{"line":145,"column":16},"end":{"line":145,"column":70},"skip":true},"48":{"start":{"line":149,"column":8},"end":{"line":149,"column":31},"skip":true},"49":{"start":{"line":150,"column":8},"end":{"line":150,"column":14},"skip":true},"50":{"start":{"line":158,"column":8},"end":{"line":158,"column":31},"skip":true},"51":{"start":{"line":160,"column":8},"end":{"line":160,"column":33},"skip":true},"52":{"start":{"line":161,"column":8},"end":{"line":161,"column":37},"skip":true},"53":{"start":{"line":162,"column":8},"end":{"line":162,"column":35},"skip":true},"54":{"start":{"line":164,"column":8},"end":{"line":164,"column":50},"skip":true},"55":{"start":{"line":166,"column":8},"end":{"line":256,"column":2},"skip":true},"56":{"start":{"line":258,"column":8},"end":{"line":286,"column":9},"skip":true},"57":{"start":{"line":259,"column":12},"end":{"line":269,"column":14},"skip":true},"58":{"start":{"line":271,"column":12},"end":{"line":285,"column":19},"skip":true},"59":{"start":{"line":274,"column":20},"end":{"line":274,"column":35},"skip":true},"60":{"start":{"line":275,"column":20},"end":{"line":284,"column":21},"skip":true},"61":{"start":{"line":277,"column":24},"end":{"line":277,"column":64},"skip":true},"62":{"start":{"line":279,"column":24},"end":{"line":279,"column":40},"skip":true},"63":{"start":{"line":281,"column":24},"end":{"line":281,"column":40},"skip":true},"64":{"start":{"line":283,"column":24},"end":{"line":283,"column":39},"skip":true},"65":{"start":{"line":288,"column":8},"end":{"line":290,"column":9},"skip":true},"66":{"start":{"line":289,"column":12},"end":{"line":289,"column":18},"skip":true},"67":{"start":{"line":291,"column":8},"end":{"line":293,"column":54},"skip":true},"68":{"start":{"line":294,"column":8},"end":{"line":301,"column":37},"skip":true},"69":{"start":{"line":302,"column":8},"end":{"line":302,"column":82},"skip":true},"70":{"start":{"line":305,"column":8},"end":{"line":307,"column":9},"skip":true},"71":{"start":{"line":306,"column":12},"end":{"line":306,"column":82},"skip":true},"72":{"start":{"line":309,"column":8},"end":{"line":311,"column":9},"skip":true},"73":{"start":{"line":310,"column":12},"end":{"line":310,"column":18},"skip":true},"74":{"start":{"line":312,"column":8},"end":{"line":312,"column":54},"skip":true},"75":{"start":{"line":313,"column":8},"end":{"line":313,"column":69},"skip":true},"76":{"start":{"line":314,"column":8},"end":{"line":322,"column":36},"skip":true},"77":{"start":{"line":315,"column":12},"end":{"line":315,"column":61},"skip":true},"78":{"start":{"line":316,"column":12},"end":{"line":319,"column":13},"skip":true},"79":{"start":{"line":317,"column":16},"end":{"line":317,"column":75},"skip":true},"80":{"start":{"line":318,"column":16},"end":{"line":318,"column":23},"skip":true},"81":{"start":{"line":320,"column":12},"end":{"line":320,"column":38},"skip":true},"82":{"start":{"line":321,"column":12},"end":{"line":321,"column":27},"skip":true},"83":{"start":{"line":323,"column":8},"end":{"line":323,"column":14},"skip":true}},"branchMap":{"1":{"line":39,"type":"binary-expr","locations":[{"start":{"line":39,"column":23},"end":{"line":39,"column":62}},{"start":{"line":40,"column":20},"end":{"line":40,"column":70}},{"start":{"line":41,"column":20},"end":{"line":41,"column":71}},{"start":{"line":42,"column":20},"end":{"line":42,"column":29}}]},"2":{"line":44,"type":"binary-expr","locations":[{"start":{"line":44,"column":23},"end":{"line":44,"column":37}},{"start":{"line":45,"column":20},"end":{"line":45,"column":61}},{"start":{"line":46,"column":20},"end":{"line":46,"column":70}},{"start":{"line":47,"column":20},"end":{"line":47,"column":26}}]},"3":{"line":51,"type":"cond-expr","locations":[{"start":{"line":52,"column":14},"end":{"line":52,"column":20}},{"start":{"line":53,"column":14},"end":{"line":53,"column":20}}]},"4":{"line":55,"type":"binary-expr","locations":[{"start":{"line":55,"column":16},"end":{"line":55,"column":44}},{"start":{"line":55,"column":49},"end":{"line":57,"column":43}}]},"5":{"line":55,"type":"cond-expr","locations":[{"start":{"line":56,"column":14},"end":{"line":56,"column":48}},{"start":{"line":57,"column":14},"end":{"line":57,"column":43}}]},"6":{"line":61,"type":"switch","locations":[{"start":{"line":68,"column":4},"end":{"line":150,"column":14},"skip":true},{"start":{"line":156,"column":4},"end":{"line":323,"column":14},"skip":true}]},"7":{"line":70,"type":"if","locations":[{"start":{"line":70,"column":12},"end":{"line":70,"column":12},"skip":true},{"start":{"line":70,"column":12},"end":{"line":70,"column":12},"skip":true}]},"8":{"line":70,"type":"binary-expr","locations":[{"start":{"line":70,"column":16},"end":{"line":70,"column":22},"skip":true},{"start":{"line":70,"column":27},"end":{"line":70,"column":32},"skip":true},{"start":{"line":71,"column":20},"end":{"line":71,"column":39},"skip":true},{"start":{"line":72,"column":20},"end":{"line":72,"column":49},"skip":true},{"start":{"line":73,"column":20},"end":{"line":73,"column":58},"skip":true},{"start":{"line":74,"column":20},"end":{"line":74,"column":69},"skip":true}]},"9":{"line":79,"type":"switch","locations":[{"start":{"line":80,"column":20},"end":{"line":80,"column":33},"skip":true},{"start":{"line":81,"column":20},"end":{"line":83,"column":30},"skip":true},{"start":{"line":84,"column":20},"end":{"line":85,"column":49},"skip":true}]},"10":{"line":89,"type":"switch","locations":[{"start":{"line":90,"column":12},"end":{"line":103,"column":22},"skip":true},{"start":{"line":105,"column":12},"end":{"line":106,"column":22},"skip":true}]},"11":{"line":89,"type":"binary-expr","locations":[{"start":{"line":89,"column":20},"end":{"line":89,"column":25},"skip":true},{"start":{"line":89,"column":29},"end":{"line":89,"column":48},"skip":true},{"start":{"line":89,"column":52},"end":{"line":89,"column":74},"skip":true}]},"12":{"line":92,"type":"if","locations":[{"start":{"line":92,"column":16},"end":{"line":92,"column":16},"skip":true},{"start":{"line":92,"column":16},"end":{"line":92,"column":16},"skip":true}]},"13":{"line":108,"type":"if","locations":[{"start":{"line":108,"column":12},"end":{"line":108,"column":12},"skip":true},{"start":{"line":108,"column":12},"end":{"line":108,"column":12},"skip":true}]},"14":{"line":108,"type":"binary-expr","locations":[{"start":{"line":108,"column":16},"end":{"line":108,"column":61},"skip":true},{"start":{"line":108,"column":66},"end":{"line":108,"column":72},"skip":true},{"start":{"line":108,"column":77},"end":{"line":108,"column":82},"skip":true},{"start":{"line":109,"column":20},"end":{"line":109,"column":39},"skip":true},{"start":{"line":110,"column":20},"end":{"line":110,"column":49},"skip":true},{"start":{"line":111,"column":20},"end":{"line":111,"column":58},"skip":true},{"start":{"line":112,"column":20},"end":{"line":112,"column":68},"skip":true}]},"15":{"line":129,"type":"if","locations":[{"start":{"line":129,"column":16},"end":{"line":129,"column":16},"skip":true},{"start":{"line":129,"column":16},"end":{"line":129,"column":16},"skip":true}]},"16":{"line":134,"type":"cond-expr","locations":[{"start":{"line":135,"column":26},"end":{"line":135,"column":29},"skip":true},{"start":{"line":136,"column":26},"end":{"line":136,"column":54},"skip":true}]},"17":{"line":164,"type":"binary-expr","locations":[{"start":{"line":164,"column":27},"end":{"line":164,"column":43},"skip":true},{"start":{"line":164,"column":47},"end":{"line":164,"column":49},"skip":true}]},"18":{"line":258,"type":"if","locations":[{"start":{"line":258,"column":8},"end":{"line":258,"column":8},"skip":true},{"start":{"line":258,"column":8},"end":{"line":258,"column":8},"skip":true}]},"19":{"line":275,"type":"switch","locations":[{"start":{"line":276,"column":20},"end":{"line":277,"column":64},"skip":true},{"start":{"line":278,"column":20},"end":{"line":279,"column":40},"skip":true},{"start":{"line":280,"column":20},"end":{"line":281,"column":40},"skip":true},{"start":{"line":282,"column":20},"end":{"line":283,"column":39},"skip":true}]},"20":{"line":288,"type":"if","locations":[{"start":{"line":288,"column":8},"end":{"line":288,"column":8},"skip":true},{"start":{"line":288,"column":8},"end":{"line":288,"column":8},"skip":true}]},"21":{"line":288,"type":"binary-expr","locations":[{"start":{"line":288,"column":12},"end":{"line":288,"column":40},"skip":true},{"start":{"line":288,"column":44},"end":{"line":288,"column":67},"skip":true}]},"22":{"line":292,"type":"binary-expr","locations":[{"start":{"line":292,"column":12},"end":{"line":292,"column":50},"skip":true},{"start":{"line":293,"column":12},"end":{"line":293,"column":53},"skip":true}]},"23":{"line":295,"type":"binary-expr","locations":[{"start":{"line":295,"column":12},"end":{"line":295,"column":62},"skip":true},{"start":{"line":296,"column":12},"end":{"line":301,"column":36},"skip":true}]},"24":{"line":302,"type":"binary-expr","locations":[{"start":{"line":302,"column":43},"end":{"line":302,"column":75},"skip":true},{"start":{"line":302,"column":79},"end":{"line":302,"column":81},"skip":true}]},"25":{"line":305,"type":"if","locations":[{"start":{"line":305,"column":8},"end":{"line":305,"column":8},"skip":true},{"start":{"line":305,"column":8},"end":{"line":305,"column":8},"skip":true}]},"26":{"line":309,"type":"if","locations":[{"start":{"line":309,"column":8},"end":{"line":309,"column":8},"skip":true},{"start":{"line":309,"column":8},"end":{"line":309,"column":8},"skip":true}]},"27":{"line":312,"type":"binary-expr","locations":[{"start":{"line":312,"column":27},"end":{"line":312,"column":43},"skip":true},{"start":{"line":312,"column":47},"end":{"line":312,"column":53},"skip":true}]},"28":{"line":316,"type":"if","locations":[{"start":{"line":316,"column":12},"end":{"line":316,"column":12},"skip":true},{"start":{"line":316,"column":12},"end":{"line":316,"column":12},"skip":true}]}},"code":["/*","example.js","","quickstart example","","instruction","    1. save this script as example.js","    2. run the shell command:","        $ npm install npmtest-svgo && PORT=8081 node example.js","    3. play with the browser-demo on http://127.0.0.1:8081","*/","","","","/* istanbul instrument in package npmtest_svgo */","/*jslint","    bitwise: true,","    browser: true,","    maxerr: 8,","    maxlen: 96,","    node: true,","    nomen: true,","    regexp: true,","    stupid: true","*/","(function () {","    'use strict';","    var local;","","","","    // run shared js-env code - pre-init","    (function () {","        // init local","        local = {};","        // init modeJs","        local.modeJs = (function () {","            try {","                return typeof navigator.userAgent === 'string' &&","                    typeof document.querySelector('body') === 'object' &&","                    typeof XMLHttpRequest.prototype.open === 'function' &&","                    'browser';","            } catch (errorCaughtBrowser) {","                return module.exports &&","                    typeof process.versions.node === 'string' &&","                    typeof require('http').createServer === 'function' &&","                    'node';","            }","        }());","        // init global","        local.global = local.modeJs === 'browser'","            ? window","            : global;","        // init utility2_rollup","        local = local.global.utility2_rollup || (local.modeJs === 'browser'","            ? local.global.utility2_npmtest_svgo","            : global.utility2_moduleExports);","        // export local","        local.global.local = local;","    }());","    switch (local.modeJs) {","","","","    // post-init","    // run browser js-env code - post-init","    /* istanbul ignore next */","    case 'browser':","        local.testRunBrowser = function (event) {","            if (!event || (event &&","                    event.currentTarget &&","                    event.currentTarget.className &&","                    event.currentTarget.className.includes &&","                    event.currentTarget.className.includes('onreset'))) {","                // reset output","                Array.from(","                    document.querySelectorAll('body > .resettable')","                ).forEach(function (element) {","                    switch (element.tagName) {","                    case 'INPUT':","                    case 'TEXTAREA':","                        element.value = '';","                        break;","                    default:","                        element.textContent = '';","                    }","                });","            }","            switch (event && event.currentTarget && event.currentTarget.id) {","            case 'testRunButton1':","                // show tests","                if (document.querySelector('#testReportDiv1').style.display === 'none') {","                    document.querySelector('#testReportDiv1').style.display = 'block';","                    document.querySelector('#testRunButton1').textContent =","                        'hide internal test';","                    local.modeTest = true;","                    local.testRunDefault(local);","                // hide tests","                } else {","                    document.querySelector('#testReportDiv1').style.display = 'none';","                    document.querySelector('#testRunButton1').textContent = 'run internal test';","                }","                break;","            // custom-case","            default:","                break;","            }","            if (document.querySelector('#inputTextareaEval1') && (!event || (event &&","                    event.currentTarget &&","                    event.currentTarget.className &&","                    event.currentTarget.className.includes &&","                    event.currentTarget.className.includes('oneval')))) {","                // try to eval input-code","                try {","                    /*jslint evil: true*/","                    eval(document.querySelector('#inputTextareaEval1').value);","                } catch (errorCaught) {","                    console.error(errorCaught.stack);","                }","            }","        };","        // log stderr and stdout to #outputTextareaStdout1","        ['error', 'log'].forEach(function (key) {","            console[key + '_original'] = console[key];","            console[key] = function () {","                var element;","                console[key + '_original'].apply(console, arguments);","                element = document.querySelector('#outputTextareaStdout1');","                if (!element) {","                    return;","                }","                // append text to #outputTextareaStdout1","                element.value += Array.from(arguments).map(function (arg) {","                    return typeof arg === 'string'","                        ? arg","                        : JSON.stringify(arg, null, 4);","                }).join(' ') + '\\n';","                // scroll textarea to bottom","                element.scrollTop = element.scrollHeight;","            };","        });","        // init event-handling","        ['change', 'click', 'keyup'].forEach(function (event) {","            Array.from(document.querySelectorAll('.on' + event)).forEach(function (element) {","                element.addEventListener(event, local.testRunBrowser);","            });","        });","        // run tests","        local.testRunBrowser();","        break;","","","","    // run node js-env code - post-init","    /* istanbul ignore next */","    case 'node':","        // export local","        module.exports = local;","        // require modules","        local.fs = require('fs');","        local.http = require('http');","        local.url = require('url');","        // init assets","        local.assetsDict = local.assetsDict || {};","        /* jslint-ignore-begin */","        local.assetsDict['/assets.index.template.html'] = '\\","<!doctype html>\\n\\","<html lang=\"en\">\\n\\","<head>\\n\\","<meta charset=\"UTF-8\">\\n\\","<meta name=\"viewport\" content=\"width=device-width, initial-scale=1\">\\n\\","<title>{{env.npm_package_name}} (v{{env.npm_package_version}})</title>\\n\\","<style>\\n\\","/*csslint\\n\\","    box-sizing: false,\\n\\","    universal-selector: false\\n\\","*/\\n\\","* {\\n\\","    box-sizing: border-box;\\n\\","}\\n\\","body {\\n\\","    background: #dde;\\n\\","    font-family: Arial, Helvetica, sans-serif;\\n\\","    margin: 2rem;\\n\\","}\\n\\","body > * {\\n\\","    margin-bottom: 1rem;\\n\\","}\\n\\",".utility2FooterDiv {\\n\\","    margin-top: 20px;\\n\\","    text-align: center;\\n\\","}\\n\\","</style>\\n\\","<style>\\n\\","/*csslint\\n\\","*/\\n\\","textarea {\\n\\","    font-family: monospace;\\n\\","    height: 10rem;\\n\\","    width: 100%;\\n\\","}\\n\\","textarea[readonly] {\\n\\","    background: #ddd;\\n\\","}\\n\\","</style>\\n\\","</head>\\n\\","<body>\\n\\","<!-- utility2-comment\\n\\","<div id=\"ajaxProgressDiv1\" style=\"background: #d00; height: 2px; left: 0; margin: 0; padding: 0; position: fixed; top: 0; transition: background 0.5s, width 1.5s; width: 25%;\"></div>\\n\\","utility2-comment -->\\n\\","<h1>\\n\\","<!-- utility2-comment\\n\\","    <a\\n\\","        {{#if env.npm_package_homepage}}\\n\\","        href=\"{{env.npm_package_homepage}}\"\\n\\","        {{/if env.npm_package_homepage}}\\n\\","        target=\"_blank\"\\n\\","    >\\n\\","utility2-comment -->\\n\\","        {{env.npm_package_name}} (v{{env.npm_package_version}})\\n\\","<!-- utility2-comment\\n\\","    </a>\\n\\","utility2-comment -->\\n\\","</h1>\\n\\","<h3>{{env.npm_package_description}}</h3>\\n\\","<!-- utility2-comment\\n\\","<h4><a download href=\"assets.app.js\">download standalone app</a></h4>\\n\\","<button class=\"onclick onreset\" id=\"testRunButton1\">run internal test</button><br>\\n\\","<div id=\"testReportDiv1\" style=\"display: none;\"></div>\\n\\","utility2-comment -->\\n\\","\\n\\","\\n\\","\\n\\","<label>stderr and stdout</label>\\n\\","<textarea class=\"resettable\" id=\"outputTextareaStdout1\" readonly></textarea>\\n\\","<!-- utility2-comment\\n\\","{{#if isRollup}}\\n\\","<script src=\"assets.app.js\"></script>\\n\\","{{#unless isRollup}}\\n\\","utility2-comment -->\\n\\","<script src=\"assets.utility2.rollup.js\"></script>\\n\\","<script src=\"jsonp.utility2._stateInit?callback=window.utility2._stateInit\"></script>\\n\\","<script src=\"assets.npmtest_svgo.rollup.js\"></script>\\n\\","<script src=\"assets.example.js\"></script>\\n\\","<script src=\"assets.test.js\"></script>\\n\\","<!-- utility2-comment\\n\\","{{/if isRollup}}\\n\\","utility2-comment -->\\n\\","<div class=\"utility2FooterDiv\">\\n\\","    [ this app was created with\\n\\","    <a href=\"https://github.com/kaizhu256/node-utility2\" target=\"_blank\">utility2</a>\\n\\","    ]\\n\\","</div>\\n\\","</body>\\n\\","</html>\\n\\","';","        /* jslint-ignore-end */","        if (local.templateRender) {","            local.assetsDict['/'] = local.templateRender(","                local.assetsDict['/assets.index.template.html'],","                {","                    env: local.objectSetDefault(local.env, {","                        npm_package_description: 'the greatest app in the world!',","                        npm_package_name: 'my-app',","                        npm_package_nameAlias: 'my_app',","                        npm_package_version: '0.0.1'","                    })","                }","            );","        } else {","            local.assetsDict['/'] = local.assetsDict['/assets.index.template.html']","                .replace((/\\{\\{env\\.(\\w+?)\\}\\}/g), function (match0, match1) {","                    // jslint-hack","                    String(match0);","                    switch (match1) {","                    case 'npm_package_description':","                        return 'the greatest app in the world!';","                    case 'npm_package_name':","                        return 'my-app';","                    case 'npm_package_nameAlias':","                        return 'my_app';","                    case 'npm_package_version':","                        return '0.0.1';","                    }","                });","        }","        // run the cli","        if (local.global.utility2_rollup || module !== require.main) {","            break;","        }","        local.assetsDict['/assets.example.js'] =","            local.assetsDict['/assets.example.js'] ||","            local.fs.readFileSync(__filename, 'utf8');","        local.assetsDict['/assets.npmtest_svgo.rollup.js'] =","            local.assetsDict['/assets.npmtest_svgo.rollup.js'] ||","            local.fs.readFileSync(","                // buildCustomOrg-hack","                local.npmtest_svgo.__dirname +","                    '/lib.npmtest_svgo.js',","                'utf8'","            ).replace((/^#!/), '//');","        local.assetsDict['/favicon.ico'] = local.assetsDict['/favicon.ico'] || '';","        // if $npm_config_timeout_exit exists,","        // then exit this process after $npm_config_timeout_exit ms","        if (Number(process.env.npm_config_timeout_exit)) {","            setTimeout(process.exit, Number(process.env.npm_config_timeout_exit));","        }","        // start server","        if (local.global.utility2_serverHttp1) {","            break;","        }","        process.env.PORT = process.env.PORT || '8081';","        console.error('server starting on port ' + process.env.PORT);","        local.http.createServer(function (request, response) {","            request.urlParsed = local.url.parse(request.url);","            if (local.assetsDict[request.urlParsed.pathname] !== undefined) {","                response.end(local.assetsDict[request.urlParsed.pathname]);","                return;","            }","            response.statusCode = 404;","            response.end();","        }).listen(process.env.PORT);","        break;","    }","}());",""],"l":{"26":2,"28":2,"33":2,"35":2,"37":2,"38":2,"39":2,"44":1,"51":2,"55":2,"59":2,"61":2,"69":1,"70":2,"76":2,"79":2,"82":2,"83":2,"85":1,"89":2,"92":1,"93":1,"94":1,"96":1,"97":1,"100":1,"101":1,"103":1,"106":1,"108":2,"114":1,"116":1,"118":1,"123":1,"124":2,"125":2,"126":2,"127":2,"128":2,"129":2,"130":1,"133":2,"134":2,"139":2,"143":1,"144":3,"145":1,"149":1,"150":1,"158":1,"160":1,"161":1,"162":1,"164":1,"166":1,"258":1,"259":1,"271":1,"274":6,"275":6,"277":1,"279":2,"281":1,"283":2,"288":1,"289":1,"291":1,"294":1,"302":1,"305":1,"306":1,"309":1,"310":1,"312":1,"313":1,"314":1,"315":1,"316":1,"317":1,"318":1,"320":1,"321":1,"323":1}},"/home/travis/build/npmtest/node-npmtest-svgo/svgo/lib/svgo.js":{"path":"/home/travis/build/npmtest/node-npmtest-svgo/svgo/lib/svgo.js","s":{"1":1,"2":1,"3":0,"4":1,"5":0,"6":0,"7":0,"8":0,"9":0,"10":0,"11":0,"12":0,"13":0,"14":0,"15":0,"16":1,"17":0,"18":0,"19":0,"20":0,"21":0,"22":0,"23":0,"24":1,"25":0},"b":{"1":[0,0],"2":[0,0],"3":[0,0],"4":[0,0],"5":[0,0],"6":[0,0]},"f":{"1":0,"2":0,"3":0,"4":0,"5":0,"6":0},"fnMap":{"1":{"name":"(anonymous_1)","line":19,"loc":{"start":{"line":19,"column":28},"end":{"line":19,"column":45}}},"2":{"name":"(anonymous_2)","line":25,"loc":{"start":{"line":25,"column":26},"end":{"line":25,"column":53}}},"3":{"name":"(anonymous_3)","line":33,"loc":{"start":{"line":33,"column":31},"end":{"line":33,"column":47}}},"4":{"name":"(anonymous_4)","line":53,"loc":{"start":{"line":53,"column":31},"end":{"line":53,"column":58}}},"5":{"name":"(anonymous_5)","line":56,"loc":{"start":{"line":56,"column":19},"end":{"line":56,"column":35}}},"6":{"name":"(anonymous_6)","line":76,"loc":{"start":{"line":76,"column":35},"end":{"line":76,"column":50}}}},"statementMap":{"1":{"start":{"line":13,"column":0},"end":{"line":17,"column":41}},"2":{"start":{"line":19,"column":0},"end":{"line":23,"column":2}},"3":{"start":{"line":21,"column":4},"end":{"line":21,"column":33}},"4":{"start":{"line":25,"column":0},"end":{"line":51,"column":2}},"5":{"start":{"line":26,"column":4},"end":{"line":26,"column":56}},"6":{"start":{"line":26,"column":27},"end":{"line":26,"column":56}},"7":{"start":{"line":28,"column":4},"end":{"line":47,"column":10}},"8":{"start":{"line":35,"column":12},"end":{"line":38,"column":13}},"9":{"start":{"line":36,"column":16},"end":{"line":36,"column":32}},"10":{"start":{"line":37,"column":16},"end":{"line":37,"column":23}},"11":{"start":{"line":40,"column":12},"end":{"line":45,"column":13}},"12":{"start":{"line":41,"column":16},"end":{"line":41,"column":51}},"13":{"start":{"line":42,"column":16},"end":{"line":42,"column":70}},"14":{"start":{"line":44,"column":16},"end":{"line":44,"column":32}},"15":{"start":{"line":49,"column":4},"end":{"line":49,"column":54}},"16":{"start":{"line":53,"column":0},"end":{"line":68,"column":2}},"17":{"start":{"line":54,"column":4},"end":{"line":54,"column":29}},"18":{"start":{"line":56,"column":4},"end":{"line":67,"column":7}},"19":{"start":{"line":58,"column":8},"end":{"line":61,"column":9}},"20":{"start":{"line":59,"column":12},"end":{"line":59,"column":28}},"21":{"start":{"line":60,"column":12},"end":{"line":60,"column":19}},"22":{"start":{"line":63,"column":8},"end":{"line":63,"column":47}},"23":{"start":{"line":65,"column":8},"end":{"line":65,"column":47}},"24":{"start":{"line":76,"column":0},"end":{"line":80,"column":2}},"25":{"start":{"line":78,"column":4},"end":{"line":78,"column":27}}},"branchMap":{"1":{"line":26,"type":"if","locations":[{"start":{"line":26,"column":4},"end":{"line":26,"column":4}},{"start":{"line":26,"column":4},"end":{"line":26,"column":4}}]},"2":{"line":30,"type":"cond-expr","locations":[{"start":{"line":30,"column":42},"end":{"line":30,"column":44}},{"start":{"line":30,"column":47},"end":{"line":30,"column":48}}]},"3":{"line":35,"type":"if","locations":[{"start":{"line":35,"column":12},"end":{"line":35,"column":12}},{"start":{"line":35,"column":12},"end":{"line":35,"column":12}}]},"4":{"line":40,"type":"if","locations":[{"start":{"line":40,"column":12},"end":{"line":40,"column":12}},{"start":{"line":40,"column":12},"end":{"line":40,"column":12}}]},"5":{"line":40,"type":"binary-expr","locations":[{"start":{"line":40,"column":16},"end":{"line":40,"column":40}},{"start":{"line":40,"column":44},"end":{"line":40,"column":78}}]},"6":{"line":58,"type":"if","locations":[{"start":{"line":58,"column":8},"end":{"line":58,"column":8}},{"start":{"line":58,"column":8},"end":{"line":58,"column":8}}]}},"code":["'use strict';","","/**"," * SVGO is a Nodejs-based tool for optimizing SVG vector graphics files."," *"," * @see https://github.com/svg/svgo"," *"," * @author Kir Belevich <kir@soulshine.in> (https://github.com/deepsweet)"," * @copyright © 2012 Kir Belevich"," * @license MIT https://raw.githubusercontent.com/svg/svgo/master/LICENSE"," */","","var CONFIG = require('./svgo/config.js'),","    SVG2JS = require('./svgo/svg2js.js'),","    PLUGINS = require('./svgo/plugins.js'),","    JSAPI = require('./svgo/jsAPI.js'),","    JS2SVG = require('./svgo/js2svg.js');","","var SVGO = module.exports = function(config) {","","    this.config = CONFIG(config);","","};","","SVGO.prototype.optimize = function(svgstr, callback) {","    if (this.config.error) return callback(this.config);","","    var _this = this,","        config = this.config,","        maxPassCount = config.multipass ? 10 : 1,","        counter = 0,","        prevResultSize = Number.POSITIVE_INFINITY,","        optimizeOnceCallback = function(svgjs) {","","            if (svgjs.error) {","                callback(svgjs);","                return;","            }","","            if (++counter < maxPassCount && svgjs.data.length < prevResultSize) {","                prevResultSize = svgjs.data.length;","                _this._optimizeOnce(svgjs.data, optimizeOnceCallback);","            } else {","                callback(svgjs);","            }","","        };","","    _this._optimizeOnce(svgstr, optimizeOnceCallback);","","};","","SVGO.prototype._optimizeOnce = function(svgstr, callback) {","    var config = this.config;","","    SVG2JS(svgstr, function(svgjs) {","","        if (svgjs.error) {","            callback(svgjs);","            return;","        }","","        svgjs = PLUGINS(svgjs, config.plugins);","","        callback(JS2SVG(svgjs, config.js2svg));","","    });","};","","/**"," * The factory that creates a content item with the helper methods."," *"," * @param {Object} data which passed to jsAPI constructor"," * @returns {JSAPI} content item"," */","SVGO.prototype.createContentItem = function(data) {","","    return new JSAPI(data);","","};",""],"l":{"13":1,"19":1,"21":0,"25":1,"26":0,"28":0,"35":0,"36":0,"37":0,"40":0,"41":0,"42":0,"44":0,"49":0,"53":1,"54":0,"56":0,"58":0,"59":0,"60":0,"63":0,"65":0,"76":1,"78":0}},"/home/travis/build/npmtest/node-npmtest-svgo/svgo/lib/svgo/config.js":{"path":"/home/travis/build/npmtest/node-npmtest-svgo/svgo/lib/svgo/config.js","s":{"1":1,"2":1,"3":1,"4":1,"5":0,"6":0,"7":0,"8":0,"9":0,"10":0,"11":0,"12":0,"13":0,"14":0,"15":0,"16":0,"17":0,"18":0,"19":0,"20":0,"21":0,"22":0,"23":1,"24":0,"25":0,"26":0,"27":0,"28":0,"29":0,"30":0,"31":0,"32":0,"33":0,"34":0,"35":0,"36":0,"37":0,"38":0,"39":0,"40":0,"41":0,"42":1,"43":0,"44":0,"45":0,"46":0,"47":0,"48":0,"49":0,"50":0,"51":0,"52":0,"53":0,"54":0,"55":0,"56":0,"57":0,"58":0,"59":0,"60":0,"61":0,"62":0,"63":0,"64":0,"65":1,"66":0,"67":0,"68":0,"69":0,"70":1,"71":0,"72":0,"73":0,"74":0,"75":0,"76":0},"b":{"1":[0,0,0],"2":[0,0],"3":[0,0],"4":[0,0],"5":[0,0],"6":[0,0],"7":[0,0],"8":[0,0],"9":[0,0],"10":[0,0],"11":[0,0],"12":[0,0],"13":[0,0,0],"14":[0,0],"15":[0,0],"16":[0,0],"17":[0,0],"18":[0,0],"19":[0,0],"20":[0,0],"21":[0,0,0],"22":[0,0],"23":[0,0],"24":[0,0],"25":[0,0],"26":[0,0],"27":[0,0],"28":[0,0],"29":[0,0],"30":[0,0],"31":[0,0]},"f":{"1":0,"2":0,"3":0,"4":0,"5":0,"6":0,"7":0,"8":0,"9":0,"10":0},"fnMap":{"1":{"name":"(anonymous_1)","line":15,"loc":{"start":{"line":15,"column":17},"end":{"line":15,"column":34}}},"2":{"name":"(anonymous_2)","line":37,"loc":{"start":{"line":37,"column":33},"end":{"line":37,"column":50}}},"3":{"name":"preparePluginsArray","line":59,"loc":{"start":{"line":59,"column":0},"end":{"line":59,"column":38}}},"4":{"name":"(anonymous_4)","line":64,"loc":{"start":{"line":64,"column":23},"end":{"line":64,"column":38}}},"5":{"name":"extendConfig","line":117,"loc":{"start":{"line":117,"column":0},"end":{"line":117,"column":40}}},"6":{"name":"(anonymous_6)","line":124,"loc":{"start":{"line":124,"column":31},"end":{"line":124,"column":46}}},"7":{"name":"(anonymous_7)","line":136,"loc":{"start":{"line":136,"column":45},"end":{"line":136,"column":62}}},"8":{"name":"setupCustomPlugin","line":185,"loc":{"start":{"line":185,"column":0},"end":{"line":185,"column":41}}},"9":{"name":"optimizePluginsArray","line":199,"loc":{"start":{"line":199,"column":0},"end":{"line":199,"column":39}}},"10":{"name":"(anonymous_10)","line":203,"loc":{"start":{"line":203,"column":26},"end":{"line":203,"column":50}}}},"statementMap":{"1":{"start":{"line":3,"column":0},"end":{"line":3,"column":23}},"2":{"start":{"line":4,"column":0},"end":{"line":4,"column":30}},"3":{"start":{"line":6,"column":0},"end":{"line":6,"column":36}},"4":{"start":{"line":15,"column":0},"end":{"line":51,"column":2}},"5":{"start":{"line":17,"column":4},"end":{"line":17,"column":17}},"6":{"start":{"line":18,"column":4},"end":{"line":18,"column":55}},"7":{"start":{"line":20,"column":4},"end":{"line":22,"column":5}},"8":{"start":{"line":21,"column":8},"end":{"line":21,"column":108}},"9":{"start":{"line":24,"column":4},"end":{"line":34,"column":5}},"10":{"start":{"line":25,"column":8},"end":{"line":25,"column":26}},"11":{"start":{"line":27,"column":8},"end":{"line":29,"column":9}},"12":{"start":{"line":28,"column":12},"end":{"line":28,"column":69}},"13":{"start":{"line":31,"column":8},"end":{"line":31,"column":102}},"14":{"start":{"line":32,"column":8},"end":{"line":32,"column":65}},"15":{"start":{"line":33,"column":8},"end":{"line":33,"column":50}},"16":{"start":{"line":36,"column":4},"end":{"line":43,"column":5}},"17":{"start":{"line":37,"column":8},"end":{"line":42,"column":11}},"18":{"start":{"line":38,"column":12},"end":{"line":41,"column":13}},"19":{"start":{"line":40,"column":16},"end":{"line":40,"column":101}},"20":{"start":{"line":45,"column":4},"end":{"line":47,"column":5}},"21":{"start":{"line":46,"column":8},"end":{"line":46,"column":66}},"22":{"start":{"line":49,"column":4},"end":{"line":49,"column":20}},"23":{"start":{"line":59,"column":0},"end":{"line":108,"column":1}},"24":{"start":{"line":61,"column":4},"end":{"line":62,"column":12}},"25":{"start":{"line":64,"column":4},"end":{"line":106,"column":7}},"26":{"start":{"line":67,"column":8},"end":{"line":102,"column":9}},"27":{"start":{"line":69,"column":12},"end":{"line":69,"column":39}},"28":{"start":{"line":72,"column":12},"end":{"line":94,"column":13}},"29":{"start":{"line":73,"column":16},"end":{"line":73,"column":59}},"30":{"start":{"line":77,"column":14},"end":{"line":77,"column":67}},"31":{"start":{"line":80,"column":14},"end":{"line":91,"column":15}},"32":{"start":{"line":81,"column":18},"end":{"line":81,"column":77}},"33":{"start":{"line":82,"column":18},"end":{"line":82,"column":39}},"34":{"start":{"line":85,"column":21},"end":{"line":91,"column":15}},"35":{"start":{"line":86,"column":17},"end":{"line":86,"column":39}},"36":{"start":{"line":89,"column":21},"end":{"line":91,"column":15}},"37":{"start":{"line":90,"column":17},"end":{"line":90,"column":38}},"38":{"start":{"line":93,"column":14},"end":{"line":93,"column":32}},"39":{"start":{"line":99,"column":12},"end":{"line":99,"column":66}},"40":{"start":{"line":100,"column":12},"end":{"line":100,"column":31}},"41":{"start":{"line":104,"column":8},"end":{"line":104,"column":22}},"42":{"start":{"line":117,"column":0},"end":{"line":176,"column":1}},"43":{"start":{"line":119,"column":4},"end":{"line":119,"column":12}},"44":{"start":{"line":122,"column":4},"end":{"line":160,"column":5}},"45":{"start":{"line":124,"column":8},"end":{"line":158,"column":11}},"46":{"start":{"line":127,"column":12},"end":{"line":156,"column":13}},"47":{"start":{"line":129,"column":16},"end":{"line":129,"column":43}},"48":{"start":{"line":132,"column":16},"end":{"line":154,"column":17}},"49":{"start":{"line":133,"column":20},"end":{"line":133,"column":77}},"50":{"start":{"line":136,"column":20},"end":{"line":153,"column":23}},"51":{"start":{"line":138,"column":24},"end":{"line":152,"column":25}},"52":{"start":{"line":140,"column":28},"end":{"line":151,"column":29}},"53":{"start":{"line":141,"column":32},"end":{"line":141,"column":91}},"54":{"start":{"line":142,"column":32},"end":{"line":142,"column":53}},"55":{"start":{"line":145,"column":35},"end":{"line":151,"column":29}},"56":{"start":{"line":146,"column":31},"end":{"line":146,"column":53}},"57":{"start":{"line":149,"column":35},"end":{"line":151,"column":29}},"58":{"start":{"line":150,"column":31},"end":{"line":150,"column":52}},"59":{"start":{"line":162,"column":4},"end":{"line":162,"column":42}},"60":{"start":{"line":165,"column":4},"end":{"line":167,"column":5}},"61":{"start":{"line":166,"column":8},"end":{"line":166,"column":40}},"62":{"start":{"line":170,"column":4},"end":{"line":172,"column":5}},"63":{"start":{"line":171,"column":8},"end":{"line":171,"column":40}},"64":{"start":{"line":174,"column":4},"end":{"line":174,"column":20}},"65":{"start":{"line":185,"column":0},"end":{"line":191,"column":1}},"66":{"start":{"line":186,"column":4},"end":{"line":186,"column":25}},"67":{"start":{"line":187,"column":4},"end":{"line":187,"column":52}},"68":{"start":{"line":188,"column":4},"end":{"line":188,"column":23}},"69":{"start":{"line":190,"column":4},"end":{"line":190,"column":18}},"70":{"start":{"line":199,"column":0},"end":{"line":212,"column":1}},"71":{"start":{"line":201,"column":4},"end":{"line":201,"column":13}},"72":{"start":{"line":203,"column":4},"end":{"line":210,"column":11}},"73":{"start":{"line":204,"column":8},"end":{"line":208,"column":9}},"74":{"start":{"line":205,"column":12},"end":{"line":205,"column":28}},"75":{"start":{"line":207,"column":12},"end":{"line":207,"column":40}},"76":{"start":{"line":209,"column":8},"end":{"line":209,"column":23}}},"branchMap":{"1":{"line":18,"type":"binary-expr","locations":[{"start":{"line":18,"column":13},"end":{"line":18,"column":38}},{"start":{"line":18,"column":42},"end":{"line":18,"column":48}},{"start":{"line":18,"column":52},"end":{"line":18,"column":54}}]},"2":{"line":20,"type":"if","locations":[{"start":{"line":20,"column":4},"end":{"line":20,"column":4}},{"start":{"line":20,"column":4},"end":{"line":20,"column":4}}]},"3":{"line":20,"type":"binary-expr","locations":[{"start":{"line":20,"column":8},"end":{"line":20,"column":22}},{"start":{"line":20,"column":26},"end":{"line":20,"column":56}}]},"4":{"line":24,"type":"if","locations":[{"start":{"line":24,"column":4},"end":{"line":24,"column":4}},{"start":{"line":24,"column":4},"end":{"line":24,"column":4}}]},"5":{"line":27,"type":"if","locations":[{"start":{"line":27,"column":8},"end":{"line":27,"column":8}},{"start":{"line":27,"column":8},"end":{"line":27,"column":8}}]},"6":{"line":36,"type":"if","locations":[{"start":{"line":36,"column":4},"end":{"line":36,"column":4}},{"start":{"line":36,"column":4},"end":{"line":36,"column":4}}]},"7":{"line":36,"type":"binary-expr","locations":[{"start":{"line":36,"column":8},"end":{"line":36,"column":34}},{"start":{"line":36,"column":38},"end":{"line":36,"column":69}}]},"8":{"line":38,"type":"if","locations":[{"start":{"line":38,"column":12},"end":{"line":38,"column":12}},{"start":{"line":38,"column":12},"end":{"line":38,"column":12}}]},"9":{"line":38,"type":"binary-expr","locations":[{"start":{"line":38,"column":16},"end":{"line":38,"column":29}},{"start":{"line":38,"column":34},"end":{"line":38,"column":67}}]},"10":{"line":45,"type":"if","locations":[{"start":{"line":45,"column":4},"end":{"line":45,"column":4}},{"start":{"line":45,"column":4},"end":{"line":45,"column":4}}]},"11":{"line":67,"type":"if","locations":[{"start":{"line":67,"column":8},"end":{"line":67,"column":8}},{"start":{"line":67,"column":8},"end":{"line":67,"column":8}}]},"12":{"line":72,"type":"if","locations":[{"start":{"line":72,"column":12},"end":{"line":72,"column":12}},{"start":{"line":72,"column":12},"end":{"line":72,"column":12}}]},"13":{"line":72,"type":"binary-expr","locations":[{"start":{"line":72,"column":16},"end":{"line":72,"column":45}},{"start":{"line":72,"column":49},"end":{"line":72,"column":61}},{"start":{"line":72,"column":65},"end":{"line":72,"column":99}}]},"14":{"line":80,"type":"if","locations":[{"start":{"line":80,"column":14},"end":{"line":80,"column":14}},{"start":{"line":80,"column":14},"end":{"line":80,"column":14}}]},"15":{"line":81,"type":"binary-expr","locations":[{"start":{"line":81,"column":45},"end":{"line":81,"column":58}},{"start":{"line":81,"column":62},"end":{"line":81,"column":64}}]},"16":{"line":85,"type":"if","locations":[{"start":{"line":85,"column":21},"end":{"line":85,"column":21}},{"start":{"line":85,"column":21},"end":{"line":85,"column":21}}]},"17":{"line":89,"type":"if","locations":[{"start":{"line":89,"column":21},"end":{"line":89,"column":21}},{"start":{"line":89,"column":21},"end":{"line":89,"column":21}}]},"18":{"line":122,"type":"if","locations":[{"start":{"line":122,"column":4},"end":{"line":122,"column":4}},{"start":{"line":122,"column":4},"end":{"line":122,"column":4}}]},"19":{"line":127,"type":"if","locations":[{"start":{"line":127,"column":12},"end":{"line":127,"column":12}},{"start":{"line":127,"column":12},"end":{"line":127,"column":12}}]},"20":{"line":132,"type":"if","locations":[{"start":{"line":132,"column":16},"end":{"line":132,"column":16}},{"start":{"line":132,"column":16},"end":{"line":132,"column":16}}]},"21":{"line":132,"type":"binary-expr","locations":[{"start":{"line":132,"column":20},"end":{"line":132,"column":49}},{"start":{"line":132,"column":53},"end":{"line":132,"column":65}},{"start":{"line":132,"column":69},"end":{"line":132,"column":103}}]},"22":{"line":138,"type":"if","locations":[{"start":{"line":138,"column":24},"end":{"line":138,"column":24}},{"start":{"line":138,"column":24},"end":{"line":138,"column":24}}]},"23":{"line":140,"type":"if","locations":[{"start":{"line":140,"column":28},"end":{"line":140,"column":28}},{"start":{"line":140,"column":28},"end":{"line":140,"column":28}}]},"24":{"line":141,"type":"binary-expr","locations":[{"start":{"line":141,"column":59},"end":{"line":141,"column":72}},{"start":{"line":141,"column":76},"end":{"line":141,"column":78}}]},"25":{"line":145,"type":"if","locations":[{"start":{"line":145,"column":35},"end":{"line":145,"column":35}},{"start":{"line":145,"column":35},"end":{"line":145,"column":35}}]},"26":{"line":149,"type":"if","locations":[{"start":{"line":149,"column":35},"end":{"line":149,"column":35}},{"start":{"line":149,"column":35},"end":{"line":149,"column":35}}]},"27":{"line":165,"type":"if","locations":[{"start":{"line":165,"column":4},"end":{"line":165,"column":4}},{"start":{"line":165,"column":4},"end":{"line":165,"column":4}}]},"28":{"line":170,"type":"if","locations":[{"start":{"line":170,"column":4},"end":{"line":170,"column":4}},{"start":{"line":170,"column":4},"end":{"line":170,"column":4}}]},"29":{"line":187,"type":"binary-expr","locations":[{"start":{"line":187,"column":31},"end":{"line":187,"column":44}},{"start":{"line":187,"column":48},"end":{"line":187,"column":50}}]},"30":{"line":204,"type":"if","locations":[{"start":{"line":204,"column":8},"end":{"line":204,"column":8}},{"start":{"line":204,"column":8},"end":{"line":204,"column":8}}]},"31":{"line":204,"type":"binary-expr","locations":[{"start":{"line":204,"column":12},"end":{"line":204,"column":16}},{"start":{"line":204,"column":20},"end":{"line":204,"column":45}}]}},"code":["'use strict';","","var FS = require('fs');","var yaml = require('js-yaml');","","var EXTEND = require('whet.extend');","","/**"," * Read and/or extend/replace default config file,"," * prepare and optimize plugins array."," *"," * @param {Object} [config] input config"," * @return {Object} output config"," */","module.exports = function(config) {","","    var defaults;","    config = typeof config == 'object' && config || {};","","    if (config.plugins && !Array.isArray(config.plugins)) {","        return { error: 'Error: Invalid plugins list. Provided \\'plugins\\' in config should be an array.' };","    }","","    if (config.full) {","        defaults = config;","","        if (Array.isArray(defaults.plugins)) {","            defaults.plugins = preparePluginsArray(defaults.plugins);","        }","    } else {","        defaults = EXTEND({}, yaml.safeLoad(FS.readFileSync(__dirname + '/../../.svgo.yml', 'utf8')));","        defaults.plugins = preparePluginsArray(defaults.plugins);","        defaults = extendConfig(defaults, config);","    }","","    if ('floatPrecision' in config && Array.isArray(defaults.plugins)) {","        defaults.plugins.forEach(function(plugin) {","            if (plugin.params && ('floatPrecision' in plugin.params)) {","                // Don't touch default plugin params","                plugin.params = EXTEND({}, plugin.params, { floatPrecision: config.floatPrecision });","            }","        });","    }","","    if (Array.isArray(defaults.plugins)) {","        defaults.plugins = optimizePluginsArray(defaults.plugins);","    }","","    return defaults;","","};","","/**"," * Require() all plugins in array."," *"," * @param {Array} plugins input plugins array"," * @return {Array} input plugins array of arrays"," */","function preparePluginsArray(plugins) {","","    var plugin,","        key;","","    return plugins.map(function(item) {","","        // {}","        if (typeof item === 'object') {","","            key = Object.keys(item)[0];","","            // custom","            if (typeof item[key] === 'object' && item[key].fn && typeof item[key].fn === 'function') {","                plugin = setupCustomPlugin(key, item[key]);","","            } else {","","              plugin = EXTEND({}, require('../../plugins/' + key));","","              // name: {}","              if (typeof item[key] === 'object') {","                  plugin.params = EXTEND({}, plugin.params || {}, item[key]);","                  plugin.active = true;","","              // name: false","              } else if (item[key] === false) {","                 plugin.active = false;","","              // name: true","              } else if (item[key] === true) {","                 plugin.active = true;","              }","","              plugin.name = key;","            }","","        // name","        } else {","","            plugin = EXTEND({}, require('../../plugins/' + item));","            plugin.name = item;","","        }","","        return plugin;","","    });","","}","","/**"," * Extend plugins with the custom config object."," *"," * @param {Array} plugins input plugins"," * @param {Object} config config"," * @return {Array} output plugins"," */","function extendConfig(defaults, config) {","","    var key;","","    // plugins","    if (config.plugins) {","","        config.plugins.forEach(function(item) {","","            // {}","            if (typeof item === 'object') {","","                key = Object.keys(item)[0];","","                // custom","                if (typeof item[key] === 'object' && item[key].fn && typeof item[key].fn === 'function') {","                    defaults.plugins.push(setupCustomPlugin(key, item[key]));","","                } else {","                    defaults.plugins.forEach(function(plugin) {","","                        if (plugin.name === key) {","                            // name: {}","                            if (typeof item[key] === 'object') {","                                plugin.params = EXTEND({}, plugin.params || {}, item[key]);","                                plugin.active = true;","","                            // name: false","                            } else if (item[key] === false) {","                               plugin.active = false;","","                            // name: true","                            } else if (item[key] === true) {","                               plugin.active = true;","                            }","                        }","                    });","                }","","            }","","        });","","    }","","    defaults.multipass = config.multipass;","","    // svg2js","    if (config.svg2js) {","        defaults.svg2js = config.svg2js;","    }","","    // js2svg","    if (config.js2svg) {","        defaults.js2svg = config.js2svg;","    }","","    return defaults;","","}","","/**"," * Setup and enable a custom plugin"," *"," * @param {String} plugin name"," * @param {Object} custom plugin"," * @return {Array} enabled plugin"," */","function setupCustomPlugin(name, plugin) {","    plugin.active = true;","    plugin.params = EXTEND({}, plugin.params || {});","    plugin.name = name;","","    return plugin;","}","","/**"," * Try to group sequential elements of plugins array."," *"," * @param {Object} plugins input plugins"," * @return {Array} output plugins"," */","function optimizePluginsArray(plugins) {","","    var prev;","","    return plugins.reduce(function(plugins, item) {","        if (prev && item.type == prev[0].type) {","            prev.push(item);","        } else {","            plugins.push(prev = [item]);","        }","        return plugins;","    }, []);","","}",""],"l":{"3":1,"4":1,"6":1,"15":1,"17":0,"18":0,"20":0,"21":0,"24":0,"25":0,"27":0,"28":0,"31":0,"32":0,"33":0,"36":0,"37":0,"38":0,"40":0,"45":0,"46":0,"49":0,"59":1,"61":0,"64":0,"67":0,"69":0,"72":0,"73":0,"77":0,"80":0,"81":0,"82":0,"85":0,"86":0,"89":0,"90":0,"93":0,"99":0,"100":0,"104":0,"117":1,"119":0,"122":0,"124":0,"127":0,"129":0,"132":0,"133":0,"136":0,"138":0,"140":0,"141":0,"142":0,"145":0,"146":0,"149":0,"150":0,"162":0,"165":0,"166":0,"170":0,"171":0,"174":0,"185":1,"186":0,"187":0,"188":0,"190":0,"199":1,"201":0,"203":0,"204":0,"205":0,"207":0,"209":0}},"/home/travis/build/npmtest/node-npmtest-svgo/svgo/lib/svgo/svg2js.js":{"path":"/home/travis/build/npmtest/node-npmtest-svgo/svgo/lib/svgo/svg2js.js","s":{"1":1,"2":1,"3":1,"4":0,"5":1,"6":0,"7":0,"8":0,"9":0,"10":0,"11":0,"12":0,"13":0,"14":0,"15":0,"16":0,"17":0,"18":0,"19":0,"20":0,"21":0,"22":0,"23":0,"24":0,"25":0,"26":0,"27":0,"28":0,"29":0,"30":0,"31":0,"32":0,"33":0,"34":0,"35":0,"36":0,"37":0,"38":0,"39":0,"40":0,"41":0,"42":0,"43":0,"44":0,"45":0,"46":0,"47":0,"48":0,"49":0,"50":0,"51":0,"52":0,"53":0,"54":0,"55":0,"56":0,"57":0,"58":1,"59":0,"60":0,"61":0,"62":0,"63":0,"64":0,"65":0,"66":0,"67":0,"68":0,"69":0,"70":0},"b":{"1":[0,0],"2":[0,0],"3":[0,0],"4":[0,0],"5":[0,0],"6":[0,0],"7":[0,0],"8":[0,0],"9":[0,0],"10":[0,0],"11":[0,0],"12":[0,0],"13":[0,0],"14":[0,0],"15":[0,0,0],"16":[0,0],"17":[0,0],"18":[0,0,0],"19":[0,0],"20":[0,0]},"f":{"1":0,"2":0,"3":0,"4":0,"5":0,"6":0,"7":0,"8":0,"9":0,"10":0,"11":0,"12":0},"fnMap":{"1":{"name":"(anonymous_1)","line":22,"loc":{"start":{"line":22,"column":17},"end":{"line":22,"column":42}}},"2":{"name":"pushToContent","line":31,"loc":{"start":{"line":31,"column":4},"end":{"line":31,"column":36}}},"3":{"name":"(anonymous_3)","line":41,"loc":{"start":{"line":41,"column":20},"end":{"line":41,"column":38}}},"4":{"name":"(anonymous_4)","line":59,"loc":{"start":{"line":59,"column":34},"end":{"line":59,"column":49}}},"5":{"name":"(anonymous_5)","line":67,"loc":{"start":{"line":67,"column":20},"end":{"line":67,"column":38}}},"6":{"name":"(anonymous_6)","line":75,"loc":{"start":{"line":75,"column":18},"end":{"line":75,"column":34}}},"7":{"name":"(anonymous_7)","line":83,"loc":{"start":{"line":83,"column":20},"end":{"line":83,"column":35}}},"8":{"name":"(anonymous_8)","line":116,"loc":{"start":{"line":116,"column":17},"end":{"line":116,"column":32}}},"9":{"name":"(anonymous_9)","line":131,"loc":{"start":{"line":131,"column":21},"end":{"line":131,"column":32}}},"10":{"name":"(anonymous_10)","line":144,"loc":{"start":{"line":144,"column":18},"end":{"line":144,"column":30}}},"11":{"name":"(anonymous_11)","line":153,"loc":{"start":{"line":153,"column":16},"end":{"line":153,"column":27}}},"12":{"name":"trim","line":171,"loc":{"start":{"line":171,"column":4},"end":{"line":171,"column":24}}}},"statementMap":{"1":{"start":{"line":3,"column":0},"end":{"line":5,"column":76}},"2":{"start":{"line":7,"column":0},"end":{"line":14,"column":2}},"3":{"start":{"line":22,"column":0},"end":{"line":187,"column":2}},"4":{"start":{"line":24,"column":4},"end":{"line":29,"column":29}},"5":{"start":{"line":31,"column":4},"end":{"line":39,"column":5}},"6":{"start":{"line":33,"column":8},"end":{"line":33,"column":46}},"7":{"start":{"line":35,"column":8},"end":{"line":35,"column":64}},"8":{"start":{"line":37,"column":8},"end":{"line":37,"column":23}},"9":{"start":{"line":41,"column":4},"end":{"line":57,"column":6}},"10":{"start":{"line":43,"column":8},"end":{"line":45,"column":11}},"11":{"start":{"line":47,"column":8},"end":{"line":48,"column":24}},"12":{"start":{"line":50,"column":8},"end":{"line":56,"column":9}},"13":{"start":{"line":51,"column":12},"end":{"line":51,"column":54}},"14":{"start":{"line":53,"column":12},"end":{"line":55,"column":13}},"15":{"start":{"line":54,"column":16},"end":{"line":54,"column":80}},"16":{"start":{"line":59,"column":4},"end":{"line":65,"column":6}},"17":{"start":{"line":61,"column":8},"end":{"line":63,"column":11}},"18":{"start":{"line":67,"column":4},"end":{"line":73,"column":6}},"19":{"start":{"line":69,"column":8},"end":{"line":71,"column":11}},"20":{"start":{"line":75,"column":4},"end":{"line":81,"column":6}},"21":{"start":{"line":77,"column":8},"end":{"line":79,"column":11}},"22":{"start":{"line":83,"column":4},"end":{"line":114,"column":6}},"23":{"start":{"line":85,"column":8},"end":{"line":89,"column":10}},"24":{"start":{"line":91,"column":8},"end":{"line":102,"column":9}},"25":{"start":{"line":92,"column":12},"end":{"line":92,"column":28}},"26":{"start":{"line":94,"column":12},"end":{"line":101,"column":13}},"27":{"start":{"line":95,"column":16},"end":{"line":100,"column":18}},"28":{"start":{"line":104,"column":8},"end":{"line":104,"column":35}},"29":{"start":{"line":105,"column":8},"end":{"line":105,"column":23}},"30":{"start":{"line":108,"column":8},"end":{"line":110,"column":9}},"31":{"start":{"line":109,"column":12},"end":{"line":109,"column":34}},"32":{"start":{"line":112,"column":8},"end":{"line":112,"column":25}},"33":{"start":{"line":116,"column":4},"end":{"line":129,"column":6}},"34":{"start":{"line":118,"column":8},"end":{"line":127,"column":9}},"35":{"start":{"line":120,"column":12},"end":{"line":121,"column":35}},"36":{"start":{"line":121,"column":16},"end":{"line":121,"column":35}},"37":{"start":{"line":123,"column":12},"end":{"line":125,"column":15}},"38":{"start":{"line":131,"column":4},"end":{"line":142,"column":6}},"39":{"start":{"line":133,"column":8},"end":{"line":133,"column":31}},"40":{"start":{"line":136,"column":8},"end":{"line":139,"column":9}},"41":{"start":{"line":137,"column":12},"end":{"line":137,"column":30}},"42":{"start":{"line":138,"column":12},"end":{"line":138,"column":31}},"43":{"start":{"line":140,"column":8},"end":{"line":140,"column":42}},"44":{"start":{"line":144,"column":4},"end":{"line":151,"column":6}},"45":{"start":{"line":146,"column":8},"end":{"line":146,"column":57}},"46":{"start":{"line":147,"column":8},"end":{"line":149,"column":9}},"47":{"start":{"line":148,"column":12},"end":{"line":148,"column":20}},"48":{"start":{"line":153,"column":4},"end":{"line":161,"column":6}},"49":{"start":{"line":155,"column":8},"end":{"line":159,"column":9}},"50":{"start":{"line":156,"column":12},"end":{"line":156,"column":27}},"51":{"start":{"line":158,"column":12},"end":{"line":158,"column":52}},"52":{"start":{"line":163,"column":4},"end":{"line":168,"column":5}},"53":{"start":{"line":164,"column":8},"end":{"line":164,"column":24}},"54":{"start":{"line":166,"column":8},"end":{"line":166,"column":39}},"55":{"start":{"line":167,"column":8},"end":{"line":167,"column":28}},"56":{"start":{"line":169,"column":4},"end":{"line":169,"column":35}},"57":{"start":{"line":169,"column":23},"end":{"line":169,"column":35}},"58":{"start":{"line":171,"column":4},"end":{"line":185,"column":5}},"59":{"start":{"line":172,"column":8},"end":{"line":172,"column":39}},"60":{"start":{"line":172,"column":27},"end":{"line":172,"column":39}},"61":{"start":{"line":174,"column":8},"end":{"line":175,"column":56}},"62":{"start":{"line":177,"column":8},"end":{"lin
[...]
ntation'","        ],","        attrs: [","            'class',","            'style',","            'externalResourcesRequired',","            'transform',","            'points'","        ],","        contentGroups: [","            'animation',","            'descriptive'","        ]","    },","    polyline: {","        attrsGroups: [","            'conditionalProcessing',","            'core',","            'graphicalEvent',","            'presentation'","        ],","        attrs: [","            'class',","            'style',","            'externalResourcesRequired',","            'transform',","            'points'","        ],","        contentGroups: [","            'animation',","            'descriptive'","        ]","    },","    radialGradient: {","        attrsGroups: [","            'core',","            'presentation',","            'xlink'","        ],","        attrs: [","            'class',","            'style',","            'externalResourcesRequired',","            'cx',","            'cy',","            'r',","            'fx',","            'fy',","            'fr',","            'gradientUnits',","            'gradientTransform',","            'spreadMethod',","            'xlink:href'","        ],","        defaults: {","            gradientUnits: 'objectBoundingBox',","            cx: '50%',","            cy: '50%',","            r: '50%'","        },","        contentGroups: [","            'descriptive'","        ],","        content: [","            'animate',","            'animateTransform',","            'set',","            'stop'","        ]","    },","    meshGradient: {","        attrsGroups: [","            'core',","            'presentation',","            'xlink'","        ],","        attrs: [","            'class',","            'style',","            'x',","            'y',","            'gradientUnits',","            'transform'","        ],","        contentGroups: [","            'descriptive',","            'paintServer',","            'animation',","        ],","        content: [","            'meshRow'","        ]","    },","    meshRow: {","        attrsGroups: [","            'core',","            'presentation'","        ],","        attrs: [","            'class',","            'style'","        ],","        contentGroups: [","            'descriptive'","        ],","        content: [","            'meshPatch'","        ]","    },","    meshPatch: {","        attrsGroups: [","            'core',","            'presentation'","        ],","        attrs: [","            'class',","            'style'","        ],","        contentGroups: [","            'descriptive'","        ],","        content: [","            'stop'","        ]","    },","    rect: {","        attrsGroups: [","            'conditionalProcessing',","            'core',","            'graphicalEvent',","            'presentation'","        ],","        attrs: [","            'class',","            'style',","            'externalResourcesRequired',","            'transform',","            'x',","            'y',","            'width',","            'height',","            'rx',","            'ry'","        ],","        defaults: {","            x: '0',","            y: '0'","        },","        contentGroups: [","            'animation',","            'descriptive'","        ]","    },","    script: {","        attrsGroups: [","            'core',","            'xlink'","        ],","        attrs: [","            'externalResourcesRequired',","            'type',","            'xlink:href'","        ]","    },","    set: {","        attrsGroups: [","            'conditionalProcessing',","            'core',","            'animation',","            'xlink',","            'animationAttributeTarget',","            'animationTiming',","        ],","        attrs: [","            'externalResourcesRequired',","            'to'","        ],","        contentGroups: [","            'descriptive'","        ]","    },","    solidColor: {","        attrsGroups: [","            'core',","            'presentation'","        ],","        attrs: [","            'class',","            'style'","        ],","        contentGroups: [","            'paintServer'","        ]","    },","    stop: {","        attrsGroups: [","            'core',","            'presentation'","        ],","        attrs: [","            'class',","            'style',","            'offset',","            'path'","        ],","        content: [","            'animate',","            'animateColor',","            'set'","        ]","    },","    style: {","        attrsGroups: [","            'core'","        ],","        attrs: [","            'type',","            'media',","            'title'","        ],","        defaults: {","            type: 'text/css'","        }","    },","    svg: {","        attrsGroups: [","            'conditionalProcessing',","            'core',","            'documentEvent',","            'graphicalEvent',","            'presentation'","        ],","        attrs: [","            'class',","            'style',","            'x',","            'y',","            'width',","            'height',","            'viewBox',","            'preserveAspectRatio',","            'zoomAndPan',","            'version',","            'baseProfile',","            'contentScriptType',","            'contentStyleType'","        ],","        defaults: {","            x: '0',","            y: '0',","            width: '100%',","            height: '100%',","            preserveAspectRatio: 'xMidYMid meet',","            zoomAndPan: 'magnify',","            version: '1.1',","            baseProfile: 'none',","            contentScriptType: 'application/ecmascript',","            contentStyleType: 'text/css'","        },","        contentGroups: [","            'animation',","            'descriptive',","            'shape',","            'structural',","            'paintServer'","        ],","        content: [","            'a',","            'altGlyphDef',","            'clipPath',","            'color-profile',","            'cursor',","            'filter',","            'font',","            'font-face',","            'foreignObject',","            'image',","            'marker',","            'mask',","            'pattern',","            'script',","            'style',","            'switch',","            'text',","            'view'","        ]","    },","    switch: {","        attrsGroups: [","            'conditionalProcessing',","            'core',","            'graphicalEvent',","            'presentation'","        ],","        attrs: [","            'class',","            'style',","            'externalResourcesRequired',","            'transform'","        ],","        contentGroups: [","            'animation',","            'descriptive',","            'shape'","        ],","        content: [","            'a',","            'foreignObject',","            'g',","            'image',","            'svg',","            'switch',","            'text',","            'use'","        ]","    },","    symbol: {","        attrsGroups: [","            'core',","            'graphicalEvent',","            'presentation'","        ],","        attrs: [","            'class',","            'style',","            'externalResourcesRequired',","            'preserveAspectRatio',","            'viewBox',","            'refX',","            'refY'","        ],","        defaults: {","            refX: 0,","            refY: 0","        },","        contentGroups: [","            'animation',","            'descriptive',","            'shape',","            'structural',","            'paintServer'","        ],","        content: [","            'a',","            'altGlyphDef',","            'clipPath',","            'color-profile',","            'cursor',","            'filter',","            'font',","            'font-face',","            'foreignObject',","            'image',","            'marker',","            'mask',","            'pattern',","            'script',","            'style',","            'switch',","            'text',","            'view'","        ]","    },","    text: {","        attrsGroups: [","            'conditionalProcessing',","            'core',","            'graphicalEvent',","            'presentation'","        ],","        attrs: [","            'class',","            'style',","            'externalResourcesRequired',","            'transform',","            'lengthAdjust',","            'x',","            'y',","            'dx',","            'dy',","            'rotate',","            'textLength'","        ],","        defaults: {","            x: '0',","            y: '0',","            lengthAdjust: 'spacing'","        },","        contentGroups: [","            'animation',","            'descriptive',","            'textContentChild'","        ],","        content: [","            'a'","        ]","    },","    textPath: {","        attrsGroups: [","            'conditionalProcessing',","            'core',","            'graphicalEvent',","            'presentation',","            'xlink'","        ],","        attrs: [","            'class',","            'style',","            'externalResourcesRequired',","            'xlink:href',","            'startOffset',","            'method',","            'spacing',","            'd'","        ],","        defaults: {","            startOffset: '0',","            method: 'align',","            spacing: 'exact'","        },","        contentGroups: [","            'descriptive'","        ],","        content: [","            'a',","            'altGlyph',","            'animate',","            'animateColor',","            'set',","            'tref',","            'tspan'","        ]","    },","    title: {","        attrsGroups: [","            'core'","        ],","        attrs: [","            'class',","            'style'","        ]","    },","    tref: {","        attrsGroups: [","            'conditionalProcessing',","            'core',","            'graphicalEvent',","            'presentation',","            'xlink'","        ],","        attrs: [","            'class',","            'style',","            'externalResourcesRequired',","            'xlink:href'","        ],","        contentGroups: [","            'descriptive'","        ],","        content: [","            'animate',","            'animateColor',","            'set'","        ]","    },","    tspan: {","        attrsGroups: [","            'conditionalProcessing',","            'core',","            'graphicalEvent',","            'presentation'","        ],","        attrs: [","            'class',","            'style',","            'externalResourcesRequired',","            'x',","            'y',","            'dx',","            'dy',","            'rotate',","            'textLength',","            'lengthAdjust'","        ],","        contentGroups: [","            'descriptive'","        ],","        content: [","            'a',","            'altGlyph',","            'animate',","            'animateColor',","            'set',","            'tref',","            'tspan'","        ]","    },","    use: {","        attrsGroups: [","            'core',","            'conditionalProcessing',","            'graphicalEvent',","            'presentation',","            'xlink'","        ],","        attrs: [","            'class',","            'style',","            'externalResourcesRequired',","            'transform',","            'x',","            'y',","            'width',","            'height',","            'xlink:href'","        ],","        defaults: {","            x: '0',","            y: '0'","        },","        contentGroups: [","            'animation',","            'descriptive'","        ]","    },","    view: {","        attrsGroups: [","            'core'","        ],","        attrs: [","            'externalResourcesRequired',","            'viewBox',","            'preserveAspectRatio',","            'zoomAndPan',","            'viewTarget'","        ],","        contentGroups: [","            'descriptive'","        ]","    },","    vkern: {","        attrsGroups: [","            'core'","        ],","        attrs: [","            'u1',","            'g1',","            'u2',","            'g2',","            'k'","        ]","    }","};","","// http://wiki.inkscape.org/wiki/index.php/Inkscape-specific_XML_attributes","exports.editorNamespaces = [","    'http://sodipodi.sourceforge.net/DTD/sodipodi-0.dtd',","    'http://inkscape.sourceforge.net/DTD/sodipodi-0.dtd',","    'http://www.inkscape.org/namespaces/inkscape',","    'http://www.bohemiancoding.com/sketch/ns',","    'http://ns.adobe.com/AdobeIllustrator/10.0/',","    'http://ns.adobe.com/Graphs/1.0/',","    'http://ns.adobe.com/AdobeSVGViewerExtensions/3.0/',","    'http://ns.adobe.com/Variables/1.0/',","    'http://ns.adobe.com/SaveForWeb/1.0/',","    'http://ns.adobe.com/Extensibility/1.0/',","    'http://ns.adobe.com/Flows/1.0/',","    'http://ns.adobe.com/ImageReplacement/1.0/',","    'http://ns.adobe.com/GenericCustomNamespace/1.0/',","    'http://ns.adobe.com/XPath/1.0/'","];","","// http://www.w3.org/TR/SVG/linking.html#processingIRI","exports.referencesProps = [","    'clip-path',","    'color-profile',","    'fill',","    'filter',","    'marker-start',","    'marker-mid',","    'marker-end',","    'mask',","    'stroke',","    'style'","];","","// http://www.w3.org/TR/SVG/propidx.html","exports.inheritableAttrs = [","    'clip-rule',","    'color',","    'color-interpolation',","    'color-interpolation-filters',","    'color-profile',","    'color-rendering',","    'cursor',","    'direction',","    'fill',","    'fill-opacity',","    'fill-rule',","    'font',","    'font-family',","    'font-size',","    'font-size-adjust',","    'font-stretch',","    'font-style',","    'font-variant',","    'font-weight',","    'glyph-orientation-horizontal',","    'glyph-orientation-vertical',","    'image-rendering',","    'kerning',","    'letter-spacing',","    'marker',","    'marker-end',","    'marker-mid',","    'marker-start',","    'pointer-events',","    'shape-rendering',","    'stroke',","    'stroke-dasharray',","    'stroke-dashoffset',","    'stroke-linecap',","    'stroke-linejoin',","    'stroke-miterlimit',","    'stroke-opacity',","    'stroke-width',","    'text-anchor',","    'text-rendering',","    'transform',","    'visibility',","    'white-space',","    'word-spacing',","    'writing-mode'","];","","// http://www.w3.org/TR/SVG/single-page.html#types-ColorKeywords","exports.colorsNames = {","    'aliceblue': '#f0f8ff',","    'antiquewhite': '#faebd7',","    'aqua': '#0ff',","    'aquamarine': '#7fffd4',","    'azure': '#f0ffff',","    'beige': '#f5f5dc',","    'bisque': '#ffe4c4',","    'black': '#000',","    'blanchedalmond': '#ffebcd',","    'blue': '#00f',","    'blueviolet': '#8a2be2',","    'brown': '#a52a2a',","    'burlywood': '#deb887',","    'cadetblue': '#5f9ea0',","    'chartreuse': '#7fff00',","    'chocolate': '#d2691e',","    'coral': '#ff7f50',","    'cornflowerblue': '#6495ed',","    'cornsilk': '#fff8dc',","    'crimson': '#dc143c',","    'cyan': '#0ff',","    'darkblue': '#00008b',","    'darkcyan': '#008b8b',","    'darkgoldenrod': '#b8860b',","    'darkgray': '#a9a9a9',","    'darkgreen': '#006400',","    'darkkhaki': '#bdb76b',","    'darkmagenta': '#8b008b',","    'darkolivegreen': '#556b2f',","    'darkorange': '#ff8c00',","    'darkorchid': '#9932cc',","    'darkred': '#8b0000',","    'darksalmon': '#e9967a',","    'darkseagreen': '#8fbc8f',","    'darkslateblue': '#483d8b',","    'darkslategray': '#2f4f4f',","    'darkturquoise': '#00ced1',","    'darkviolet': '#9400d3',","    'deeppink': '#ff1493',","    'deepskyblue': '#00bfff',","    'dimgray': '#696969',","    'dodgerblue': '#1e90ff',","    'firebrick': '#b22222',","    'floralwhite': '#fffaf0',","    'forestgreen': '#228b22',","    'fuchsia': '#f0f',","    'gainsboro': '#dcdcdc',","    'ghostwhite': '#f8f8ff',","    'gold': '#ffd700',","    'goldenrod': '#daa520',","    'gray': '#808080',","    'green': '#008000',","    'greenyellow': '#adff2f',","    'honeydew': '#f0fff0',","    'hotpink': '#ff69b4',","    'indianred': '#cd5c5c',","    'indigo': '#4b0082',","    'ivory': '#fffff0',","    'khaki': '#f0e68c',","    'lavender': '#e6e6fa',","    'lavenderblush': '#fff0f5',","    'lawngreen': '#7cfc00',","    'lemonchiffon': '#fffacd',","    'lightblue': '#add8e6',","    'lightcoral': '#f08080',","    'lightcyan': '#e0ffff',","    'lightgoldenrodyellow': '#fafad2',","    'lightgreen': '#90ee90',","    'lightgrey': '#d3d3d3',","    'lightpink': '#ffb6c1',","    'lightsalmon': '#ffa07a',","    'lightseagreen': '#20b2aa',","    'lightskyblue': '#87cefa',","    'lightslategray': '#789',","    'lightsteelblue': '#b0c4de',","    'lightyellow': '#ffffe0',","    'lime': '#0f0',","    'limegreen': '#32cd32',","    'linen': '#faf0e6',","    'magenta': '#f0f',","    'maroon': '#800000',","    'mediumaquamarine': '#66cdaa',","    'mediumblue': '#0000cd',","    'mediumorchid': '#ba55d3',","    'mediumpurple': '#9370db',","    'mediumseagreen': '#3cb371',","    'mediumslateblue': '#7b68ee',","    'mediumspringgreen': '#00fa9a',","    'mediumturquoise': '#48d1cc',","    'mediumvioletred': '#c71585',","    'midnightblue': '#191970',","    'mintcream': '#f5fffa',","    'mistyrose': '#ffe4e1',","    'moccasin': '#ffe4b5',","    'navajowhite': '#ffdead',","    'navy': '#000080',","    'oldlace': '#fdf5e6',","    'olive': '#808000',","    'olivedrab': '#6b8e23',","    'orange': '#ffa500',","    'orangered': '#ff4500',","    'orchid': '#da70d6',","    'palegoldenrod': '#eee8aa',","    'palegreen': '#98fb98',","    'paleturquoise': '#afeeee',","    'palevioletred': '#db7093',","    'papayawhip': '#ffefd5',","    'peachpuff': '#ffdab9',","    'peru': '#cd853f',","    'pink': '#ffc0cb',","    'plum': '#dda0dd',","    'powderblue': '#b0e0e6',","    'purple': '#800080',","    'red': '#f00',","    'rosybrown': '#bc8f8f',","    'royalblue': '#4169e1',","    'saddlebrown': '#8b4513',","    'salmon': '#fa8072',","    'sandybrown': '#f4a460',","    'seagreen': '#2e8b57',","    'seashell': '#fff5ee',","    'sienna': '#a0522d',","    'silver': '#c0c0c0',","    'skyblue': '#87ceeb',","    'slateblue': '#6a5acd',","    'slategray': '#708090',","    'snow': '#fffafa',","    'springgreen': '#00ff7f',","    'steelblue': '#4682b4',","    'tan': '#d2b48c',","    'teal': '#008080',","    'thistle': '#d8bfd8',","    'tomato': '#ff6347',","    'turquoise': '#40e0d0',","    'violet': '#ee82ee',","    'wheat': '#f5deb3',","    'white': '#fff',","    'whitesmoke': '#f5f5f5',","    'yellow': '#ff0',","    'yellowgreen': '#9acd32'","};","","exports.colorsShortNames = {","  '#f0ffff': 'azure',","  '#f5f5dc': 'beige',","  '#ffe4c4': 'bisque',","  '#a52a2a': 'brown',","  '#ff7f50': 'coral',","  '#ffd700': 'gold',","  '#808080': 'gray',","  '#008000': 'green',","  '#4b0082': 'indigo',","  '#fffff0': 'ivory',","  '#f0e68c': 'khaki',","  '#faf0e6': 'linen',","  '#800000': 'maroon',","  '#000080': 'navy',","  '#808000': 'olive',","  '#ffa500': 'orange',","  '#da70d6': 'orchid',","  '#cd853f': 'peru',","  '#ffc0cb': 'pink',","  '#dda0dd': 'plum',","  '#800080': 'purple',","  '#f00': 'red',","  '#fa8072': 'salmon',","  '#a0522d': 'sienna',","  '#c0c0c0': 'silver',","  '#fffafa': 'snow',","  '#d2b48c': 'tan',","  '#008080': 'teal',","  '#ff6347': 'tomato',","  '#ee82ee': 'violet',","  '#f5deb3': 'wheat'","};","","// http://www.w3.org/TR/SVG/single-page.html#types-DataTypeColor","exports.colorsProps = [","    'color', 'fill', 'stroke', 'stop-color', 'flood-color', 'lighting-color'","];",""],"l":{"4":1,"18":1,"21":1,"107":1,"172":1,"2268":1,"2286":1,"2300":1,"2349":1,"2492":1,"2527":1}}}